#
# There is insufficient memory for the Java Runtime Environment to continue.
# Native memory allocation (mmap) failed to map 65536 bytes for Failed to commit metaspace.
# Possible reasons:
#   The system is out of physical RAM or swap space
#   The process is running with CompressedOops enabled, and the Java Heap may be blocking the growth of the native heap
# Possible solutions:
#   Reduce memory load on the system
#   Increase physical memory or swap space
#   Check if swap backing store is full
#   Decrease Java heap size (-Xmx/-Xms)
#   Decrease number of Java threads
#   Decrease Java thread stack sizes (-Xss)
#   Set larger code cache with -XX:ReservedCodeCacheSize=
#   JVM is running with Zero Based Compressed Oops mode in which the Java heap is
#     placed in the first 32GB address space. The Java Heap base address is the
#     maximum limit for the native heap growth. Please use -XX:HeapBaseMinAddress
#     to set the Java Heap base and to place the Java Heap above 32GB virtual address.
# This output file may be truncated or incomplete.
#
#  Out of Memory Error (virtualSpaceNode.cpp:110), pid=19948, tid=35232
#
# JRE version: Java(TM) SE Runtime Environment (17.0.12+8) (build 17.0.12+8-LTS-286)
# Java VM: Java HotSpot(TM) 64-Bit Server VM (17.0.12+8-LTS-286, mixed mode, emulated-client, sharing, tiered, compressed oops, compressed class ptrs, g1 gc, windows-amd64)
# No core dump will be written. Minidumps are not enabled by default on client versions of Windows
#

---------------  S U M M A R Y ------------

Command Line: -XX:TieredStopAtLevel=1 com.microservices.smmsb_inventory_service.SmmsbInventoryServiceApplication

Host: AMD Ryzen 3 4300U with Radeon Graphics         , 4 cores, 10G,  Windows 11 , 64 bit Build 26100 (10.0.26100.3323)
Time: Thu Mar 20 15:28:22 2025 SE Asia Standard Time elapsed time: 2.606962 seconds (0d 0h 0m 2s)

---------------  T H R E A D  ---------------

Current thread (0x000002337499b550):  JavaThread "main" [_thread_in_vm, id=35232, stack(0x00000089f3900000,0x00000089f3a00000)]

Stack: [0x00000089f3900000,0x00000089f3a00000]
Native frames: (J=compiled Java code, j=interpreted, Vv=VM code, C=native code)
V  [jvm.dll+0x67a04a]
V  [jvm.dll+0x7da4ed]
V  [jvm.dll+0x7dbe33]
V  [jvm.dll+0x7dc4a3]
V  [jvm.dll+0x24508f]
V  [jvm.dll+0x7d60bb]
V  [jvm.dll+0x6206c6]
V  [jvm.dll+0x62072a]
V  [jvm.dll+0x622f4d]
V  [jvm.dll+0x621086]
V  [jvm.dll+0x23a821]
V  [jvm.dll+0x1e8e87]
V  [jvm.dll+0x1dea41]
V  [jvm.dll+0x53f78c]
V  [jvm.dll+0x1ef3ca]
V  [jvm.dll+0x7547ad]
V  [jvm.dll+0x755bc6]
V  [jvm.dll+0x755ef8]
V  [jvm.dll+0x23d13b]
V  [jvm.dll+0x3803d0]
C  0x000002337c259e6c

Java frames: (J=compiled Java code, j=interpreted, Vv=VM code)
j  sun.security.util.KeyUtil.getKeySize(Ljava/security/Key;)I+3 java.base@17.0.12
j  sun.security.util.DisabledAlgorithmConstraints$KeySizeConstraint.permitsImpl(Ljava/security/Key;)Z+19 java.base@17.0.12
j  sun.security.util.DisabledAlgorithmConstraints$KeySizeConstraint.permits(Lsun/security/util/ConstraintsParameters;)V+33 java.base@17.0.12
j  sun.security.util.DisabledAlgorithmConstraints$Constraints.permits(Ljava/lang/String;Lsun/security/util/ConstraintsParameters;Z)V+232 java.base@17.0.12
j  sun.security.util.DisabledAlgorithmConstraints.permits(Ljava/lang/String;Lsun/security/util/ConstraintsParameters;Z)V+129 java.base@17.0.12
j  sun.security.util.DisabledAlgorithmConstraints.permits(Ljava/lang/String;Ljava/security/AlgorithmParameters;Lsun/security/util/ConstraintsParameters;Z)V+5 java.base@17.0.12
j  sun.security.pkcs.SignerInfo.verifyAlgorithms([Lsun/security/pkcs/SignerInfo;Lsun/security/util/JarConstraintsParameters;Ljava/lang/String;)Ljava/util/Set;+147 java.base@17.0.12
j  sun.security.util.SignatureFileVerifier.processImpl(Ljava/util/Hashtable;Ljava/util/List;Ljava/lang/String;)V+161 java.base@17.0.12
j  sun.security.util.SignatureFileVerifier.process(Ljava/util/Hashtable;Ljava/util/List;Ljava/lang/String;)V+12 java.base@17.0.12
j  java.util.jar.JarVerifier.processEntry(Lsun/security/util/ManifestEntryVerifier;)V+397 java.base@17.0.12
j  java.util.jar.JarVerifier.update(I[BIILsun/security/util/ManifestEntryVerifier;)V+39 java.base@17.0.12
j  java.util.jar.JarFile.initializeVerifier()V+164 java.base@17.0.12
j  java.util.jar.JarFile.ensureInitialization()V+41 java.base@17.0.12
j  java.util.jar.JavaUtilJarAccessImpl.ensureInitialization(Ljava/util/jar/JarFile;)V+1 java.base@17.0.12
j  jdk.internal.loader.URLClassPath$JarLoader$2.getManifest()Ljava/util/jar/Manifest;+10 java.base@17.0.12
j  jdk.internal.loader.BuiltinClassLoader.defineClass(Ljava/lang/String;Ljdk/internal/loader/Resource;)Ljava/lang/Class;+29 java.base@17.0.12
j  jdk.internal.loader.BuiltinClassLoader.findClassOnClassPathOrNull(Ljava/lang/String;)Ljava/lang/Class;+37 java.base@17.0.12
J 470 c1 jdk.internal.loader.BuiltinClassLoader.loadClassOrNull(Ljava/lang/String;Z)Ljava/lang/Class; java.base@17.0.12 (143 bytes) @ 0x000002337c48a104 [0x000002337c489c80+0x0000000000000484]
J 691 c1 jdk.internal.loader.ClassLoaders$AppClassLoader.loadClass(Ljava/lang/String;Z)Ljava/lang/Class; java.base@17.0.12 (40 bytes) @ 0x000002337c4e552c [0x000002337c4e53e0+0x000000000000014c]
J 690 c1 java.lang.ClassLoader.loadClass(Ljava/lang/String;)Ljava/lang/Class; java.base@17.0.12 (7 bytes) @ 0x000002337c4e4964 [0x000002337c4e4920+0x0000000000000044]
v  ~StubRoutines::call_stub
j  java.lang.Class.forName0(Ljava/lang/String;ZLjava/lang/ClassLoader;Ljava/lang/Class;)Ljava/lang/Class;+0 java.base@17.0.12
j  java.lang.Class.forName(Ljava/lang/String;ZLjava/lang/ClassLoader;)Ljava/lang/Class;+43 java.base@17.0.12
j  org.springframework.util.ClassUtils.forName(Ljava/lang/String;Ljava/lang/ClassLoader;)Ljava/lang/Class;+164
j  org.springframework.util.ClassUtils.isPresent(Ljava/lang/String;Ljava/lang/ClassLoader;)Z+2
j  org.springframework.cloud.bootstrap.TextEncryptorConfigBootstrapper.<clinit>()V+12
v  ~StubRoutines::call_stub
j  jdk.internal.reflect.NativeConstructorAccessorImpl.newInstance0(Ljava/lang/reflect/Constructor;[Ljava/lang/Object;)Ljava/lang/Object;+0 java.base@17.0.12
j  jdk.internal.reflect.NativeConstructorAccessorImpl.newInstance([Ljava/lang/Object;)Ljava/lang/Object;+118 java.base@17.0.12
j  jdk.internal.reflect.DelegatingConstructorAccessorImpl.newInstance([Ljava/lang/Object;)Ljava/lang/Object;+5 java.base@17.0.12
j  java.lang.reflect.Constructor.newInstanceWithCaller([Ljava/lang/Object;ZLjava/lang/Class;)Ljava/lang/Object;+65 java.base@17.0.12
j  java.lang.reflect.Constructor.newInstance([Ljava/lang/Object;)Ljava/lang/Object;+30 java.base@17.0.12
j  org.springframework.core.io.support.SpringFactoriesLoader$FactoryInstantiator.instantiate(Lorg/springframework/core/io/support/SpringFactoriesLoader$ArgumentResolver;)Ljava/lang/Object;+33
j  org.springframework.core.io.support.SpringFactoriesLoader.instantiateFactory(Ljava/lang/String;Ljava/lang/Class;Lorg/springframework/core/io/support/SpringFactoriesLoader$ArgumentResolver;Lorg/springframework/core/io/support/SpringFactoriesLoader$FailureHandler;)Ljava/lang/Object;+36
j  org.springframework.core.io.support.SpringFactoriesLoader.load(Ljava/lang/Class;Lorg/springframework/core/io/support/SpringFactoriesLoader$ArgumentResolver;Lorg/springframework/core/io/support/SpringFactoriesLoader$FailureHandler;)Ljava/util/List;+99
j  org.springframework.core.io.support.SpringFactoriesLoader.load(Ljava/lang/Class;Lorg/springframework/core/io/support/SpringFactoriesLoader$ArgumentResolver;)Ljava/util/List;+4
j  org.springframework.boot.SpringApplication.getSpringFactoriesInstances(Ljava/lang/Class;Lorg/springframework/core/io/support/SpringFactoriesLoader$ArgumentResolver;)Ljava/util/List;+9
j  org.springframework.boot.SpringApplication.getSpringFactoriesInstances(Ljava/lang/Class;)Ljava/util/List;+3
j  org.springframework.boot.SpringApplication.<init>(Lorg/springframework/core/io/ResourceLoader;[Ljava/lang/Class;)V+100
j  org.springframework.boot.SpringApplication.<init>([Ljava/lang/Class;)V+3
j  org.springframework.boot.SpringApplication.run([Ljava/lang/Class;[Ljava/lang/String;)Lorg/springframework/context/ConfigurableApplicationContext;+5
j  org.springframework.boot.SpringApplication.run(Ljava/lang/Class;[Ljava/lang/String;)Lorg/springframework/context/ConfigurableApplicationContext;+9
j  com.microservices.smmsb_inventory_service.SmmsbInventoryServiceApplication.main([Ljava/lang/String;)V+3
v  ~StubRoutines::call_stub

---------------  P R O C E S S  ---------------

Threads class SMR info:
_java_thread_list=0x000002334d24ef00, length=12, elements={
0x000002337499b550, 0x0000023307dfc180, 0x0000023307dfcd40, 0x0000023307e12830,
0x0000023307e16320, 0x0000023307e18d00, 0x0000023307e195d0, 0x0000023307e19f50,
0x0000023307e1a860, 0x000002334d188180, 0x000002334d1bbe50, 0x000002334d24c420
}

Java Threads: ( => current thread )
=>0x000002337499b550 JavaThread "main" [_thread_in_vm, id=35232, stack(0x00000089f3900000,0x00000089f3a00000)]
  0x0000023307dfc180 JavaThread "Reference Handler" daemon [_thread_blocked, id=8228, stack(0x00000089f4100000,0x00000089f4200000)]
  0x0000023307dfcd40 JavaThread "Finalizer" daemon [_thread_blocked, id=11132, stack(0x00000089f4200000,0x00000089f4300000)]
  0x0000023307e12830 JavaThread "Signal Dispatcher" daemon [_thread_blocked, id=1428, stack(0x00000089f4300000,0x00000089f4400000)]
  0x0000023307e16320 JavaThread "Attach Listener" daemon [_thread_blocked, id=4052, stack(0x00000089f4400000,0x00000089f4500000)]
  0x0000023307e18d00 JavaThread "Service Thread" daemon [_thread_blocked, id=33100, stack(0x00000089f4500000,0x00000089f4600000)]
  0x0000023307e195d0 JavaThread "Monitor Deflation Thread" daemon [_thread_blocked, id=37180, stack(0x00000089f4600000,0x00000089f4700000)]
  0x0000023307e19f50 JavaThread "C1 CompilerThread0" daemon [_thread_blocked, id=8980, stack(0x00000089f4700000,0x00000089f4800000)]
  0x0000023307e1a860 JavaThread "Sweeper thread" daemon [_thread_blocked, id=14768, stack(0x00000089f4800000,0x00000089f4900000)]
  0x000002334d188180 JavaThread "Notification Thread" daemon [_thread_blocked, id=31000, stack(0x00000089f4900000,0x00000089f4a00000)]
  0x000002334d1bbe50 JavaThread "Common-Cleaner" daemon [_thread_blocked, id=6992, stack(0x00000089f4b00000,0x00000089f4c00000)]
  0x000002334d24c420 JavaThread "C1 CompilerThread1" daemon [_thread_blocked, id=37184, stack(0x00000089f4c00000,0x00000089f4d00000)]

Other Threads:
  0x0000023307df66d0 VMThread "VM Thread" [stack: 0x00000089f4000000,0x00000089f4100000] [id=12508]
  0x000002334d1a8a80 WatcherThread [stack: 0x00000089f4a00000,0x00000089f4b00000] [id=20492]
  0x00000233749f4370 GCTaskThread "GC Thread#0" [stack: 0x00000089f3b00000,0x00000089f3c00000] [id=28484]
  0x000002334d3fe530 GCTaskThread "GC Thread#1" [stack: 0x00000089f4d00000,0x00000089f4e00000] [id=30548]
  0x000002334d3fe7f0 GCTaskThread "GC Thread#2" [stack: 0x00000089f4e00000,0x00000089f4f00000] [id=2488]
  0x000002334d593cb0 GCTaskThread "GC Thread#3" [stack: 0x00000089f4f00000,0x00000089f5000000] [id=34720]
  0x0000023374a010a0 ConcurrentGCThread "G1 Main Marker" [stack: 0x00000089f3c00000,0x00000089f3d00000] [id=22556]
  0x0000023374a01ab0 ConcurrentGCThread "G1 Conc#0" [stack: 0x00000089f3d00000,0x00000089f3e00000] [id=2940]
  0x0000023374a42230 ConcurrentGCThread "G1 Refine#0" [stack: 0x00000089f3e00000,0x00000089f3f00000] [id=28196]
  0x0000023374a46010 ConcurrentGCThread "G1 Service" [stack: 0x00000089f3f00000,0x00000089f4000000] [id=30156]

Threads with active compile tasks:

VM state: not at safepoint (normal execution)

VM Mutex/Monitor currently owned by a thread:  ([mutex/lock_event])
[0x0000023374996e20] Metaspace_lock - owner thread: 0x000002337499b550

Heap address: 0x0000000752200000, size: 2782 MB, Compressed Oops mode: Zero based, Oop shift amount: 3

CDS archive(s) mapped at: [0x0000023308000000-0x0000023308bd0000-0x0000023308bd0000), size 12386304, SharedBaseAddress: 0x0000023308000000, ArchiveRelocationMode: 1.
Compressed class space mapped at: 0x0000023309000000-0x0000023349000000, reserved size: 1073741824
Narrow klass base: 0x0000023308000000, Narrow klass shift: 0, Narrow klass range: 0x100000000

GC Precious Log:
 CPUs: 4 total, 4 available
 Memory: 11127M
 Large Page Support: Disabled
 NUMA Support: Disabled
 Compressed Oops: Enabled (Zero based)
 Heap Region Size: 2M
 Heap Min Capacity: 8M
 Heap Initial Capacity: 174M
 Heap Max Capacity: 2782M
 Pre-touch: Disabled
 Parallel Workers: 4
 Concurrent Workers: 1
 Concurrent Refinement Workers: 4
 Periodic GC: Disabled

Heap:
 garbage-first heap   total 178176K, used 19878K [0x0000000752200000, 0x0000000800000000)
  region size 2048K, 3 young (6144K), 1 survivors (2048K)
 Metaspace       used 4254K, committed 4352K, reserved 1114112K
  class space    used 483K, committed 512K, reserved 1048576K

Heap Regions: E=young(eden), S=young(survivor), O=old, HS=humongous(starts), HC=humongous(continues), CS=collection set, F=free, OA=open archive, CA=closed archive, TAMS=top-at-mark-start (previous, next)
|   0|0x0000000752200000, 0x0000000752400000, 0x0000000752400000|100%| O|  |TAMS 0x0000000752200000, 0x0000000752200000| Untracked 
|   1|0x0000000752400000, 0x0000000752600000, 0x0000000752600000|100%| O|  |TAMS 0x0000000752400000, 0x0000000752400000| Untracked 
|   2|0x0000000752600000, 0x0000000752800000, 0x0000000752800000|100%| O|  |TAMS 0x0000000752600000, 0x0000000752600000| Untracked 
|   3|0x0000000752800000, 0x0000000752a00000, 0x0000000752a00000|100%| O|  |TAMS 0x0000000752800000, 0x0000000752800000| Untracked 
|   4|0x0000000752a00000, 0x0000000752c00000, 0x0000000752c00000|100%| O|  |TAMS 0x0000000752a00000, 0x0000000752a00000| Untracked 
|   5|0x0000000752c00000, 0x0000000752e00000, 0x0000000752e00000|100%| O|  |TAMS 0x0000000752c00000, 0x0000000752c00000| Untracked 
|   6|0x0000000752e00000, 0x0000000753000000, 0x0000000753000000|100%| O|  |TAMS 0x0000000752e00000, 0x0000000752e00000| Untracked 
|   7|0x0000000753000000, 0x0000000753169a00, 0x0000000753200000| 70%| O|  |TAMS 0x0000000753000000, 0x0000000753000000| Untracked 
|   8|0x0000000753200000, 0x0000000753200000, 0x0000000753400000|  0%| F|  |TAMS 0x0000000753200000, 0x0000000753200000| Untracked 
|   9|0x0000000753400000, 0x0000000753400000, 0x0000000753600000|  0%| F|  |TAMS 0x0000000753400000, 0x0000000753400000| Untracked 
|  10|0x0000000753600000, 0x0000000753600000, 0x0000000753800000|  0%| F|  |TAMS 0x0000000753600000, 0x0000000753600000| Untracked 
|  11|0x0000000753800000, 0x0000000753800000, 0x0000000753a00000|  0%| F|  |TAMS 0x0000000753800000, 0x0000000753800000| Untracked 
|  12|0x0000000753a00000, 0x0000000753a00000, 0x0000000753c00000|  0%| F|  |TAMS 0x0000000753a00000, 0x0000000753a00000| Untracked 
|  13|0x0000000753c00000, 0x0000000753c00000, 0x0000000753e00000|  0%| F|  |TAMS 0x0000000753c00000, 0x0000000753c00000| Untracked 
|  14|0x0000000753e00000, 0x0000000753e00000, 0x0000000754000000|  0%| F|  |TAMS 0x0000000753e00000, 0x0000000753e00000| Untracked 
|  15|0x0000000754000000, 0x0000000754000000, 0x0000000754200000|  0%| F|  |TAMS 0x0000000754000000, 0x0000000754000000| Untracked 
|  16|0x0000000754200000, 0x0000000754200000, 0x0000000754400000|  0%| F|  |TAMS 0x0000000754200000, 0x0000000754200000| Untracked 
|  17|0x0000000754400000, 0x0000000754400000, 0x0000000754600000|  0%| F|  |TAMS 0x0000000754400000, 0x0000000754400000| Untracked 
|  18|0x0000000754600000, 0x0000000754600000, 0x0000000754800000|  0%| F|  |TAMS 0x0000000754600000, 0x0000000754600000| Untracked 
|  19|0x0000000754800000, 0x0000000754800000, 0x0000000754a00000|  0%| F|  |TAMS 0x0000000754800000, 0x0000000754800000| Untracked 
|  20|0x0000000754a00000, 0x0000000754a00000, 0x0000000754c00000|  0%| F|  |TAMS 0x0000000754a00000, 0x0000000754a00000| Untracked 
|  21|0x0000000754c00000, 0x0000000754c00000, 0x0000000754e00000|  0%| F|  |TAMS 0x0000000754c00000, 0x0000000754c00000| Untracked 
|  22|0x0000000754e00000, 0x0000000754e00000, 0x0000000755000000|  0%| F|  |TAMS 0x0000000754e00000, 0x0000000754e00000| Untracked 
|  23|0x0000000755000000, 0x0000000755000000, 0x0000000755200000|  0%| F|  |TAMS 0x0000000755000000, 0x0000000755000000| Untracked 
|  24|0x0000000755200000, 0x0000000755200000, 0x0000000755400000|  0%| F|  |TAMS 0x0000000755200000, 0x0000000755200000| Untracked 
|  25|0x0000000755400000, 0x0000000755400000, 0x0000000755600000|  0%| F|  |TAMS 0x0000000755400000, 0x0000000755400000| Untracked 
|  26|0x0000000755600000, 0x0000000755600000, 0x0000000755800000|  0%| F|  |TAMS 0x0000000755600000, 0x0000000755600000| Untracked 
|  27|0x0000000755800000, 0x0000000755800000, 0x0000000755a00000|  0%| F|  |TAMS 0x0000000755800000, 0x0000000755800000| Untracked 
|  28|0x0000000755a00000, 0x0000000755a00000, 0x0000000755c00000|  0%| F|  |TAMS 0x0000000755a00000, 0x0000000755a00000| Untracked 
|  29|0x0000000755c00000, 0x0000000755c00000, 0x0000000755e00000|  0%| F|  |TAMS 0x0000000755c00000, 0x0000000755c00000| Untracked 
|  30|0x0000000755e00000, 0x0000000755e00000, 0x0000000756000000|  0%| F|  |TAMS 0x0000000755e00000, 0x0000000755e00000| Untracked 
|  31|0x0000000756000000, 0x0000000756000000, 0x0000000756200000|  0%| F|  |TAMS 0x0000000756000000, 0x0000000756000000| Untracked 
|  32|0x0000000756200000, 0x0000000756200000, 0x0000000756400000|  0%| F|  |TAMS 0x0000000756200000, 0x0000000756200000| Untracked 
|  33|0x0000000756400000, 0x0000000756400000, 0x0000000756600000|  0%| F|  |TAMS 0x0000000756400000, 0x0000000756400000| Untracked 
|  34|0x0000000756600000, 0x0000000756600000, 0x0000000756800000|  0%| F|  |TAMS 0x0000000756600000, 0x0000000756600000| Untracked 
|  35|0x0000000756800000, 0x0000000756800000, 0x0000000756a00000|  0%| F|  |TAMS 0x0000000756800000, 0x0000000756800000| Untracked 
|  36|0x0000000756a00000, 0x0000000756a00000, 0x0000000756c00000|  0%| F|  |TAMS 0x0000000756a00000, 0x0000000756a00000| Untracked 
|  37|0x0000000756c00000, 0x0000000756c00000, 0x0000000756e00000|  0%| F|  |TAMS 0x0000000756c00000, 0x0000000756c00000| Untracked 
|  38|0x0000000756e00000, 0x0000000756e00000, 0x0000000757000000|  0%| F|  |TAMS 0x0000000756e00000, 0x0000000756e00000| Untracked 
|  39|0x0000000757000000, 0x0000000757000000, 0x0000000757200000|  0%| F|  |TAMS 0x0000000757000000, 0x0000000757000000| Untracked 
|  40|0x0000000757200000, 0x0000000757200000, 0x0000000757400000|  0%| F|  |TAMS 0x0000000757200000, 0x0000000757200000| Untracked 
|  41|0x0000000757400000, 0x0000000757400000, 0x0000000757600000|  0%| F|  |TAMS 0x0000000757400000, 0x0000000757400000| Untracked 
|  42|0x0000000757600000, 0x0000000757600000, 0x0000000757800000|  0%| F|  |TAMS 0x0000000757600000, 0x0000000757600000| Untracked 
|  43|0x0000000757800000, 0x0000000757800000, 0x0000000757a00000|  0%| F|  |TAMS 0x0000000757800000, 0x0000000757800000| Untracked 
|  44|0x0000000757a00000, 0x0000000757a00000, 0x0000000757c00000|  0%| F|  |TAMS 0x0000000757a00000, 0x0000000757a00000| Untracked 
|  45|0x0000000757c00000, 0x0000000757c00000, 0x0000000757e00000|  0%| F|  |TAMS 0x0000000757c00000, 0x0000000757c00000| Untracked 
|  46|0x0000000757e00000, 0x0000000757e00000, 0x0000000758000000|  0%| F|  |TAMS 0x0000000757e00000, 0x0000000757e00000| Untracked 
|  47|0x0000000758000000, 0x0000000758000000, 0x0000000758200000|  0%| F|  |TAMS 0x0000000758000000, 0x0000000758000000| Untracked 
|  48|0x0000000758200000, 0x0000000758200000, 0x0000000758400000|  0%| F|  |TAMS 0x0000000758200000, 0x0000000758200000| Untracked 
|  49|0x0000000758400000, 0x0000000758400000, 0x0000000758600000|  0%| F|  |TAMS 0x0000000758400000, 0x0000000758400000| Untracked 
|  50|0x0000000758600000, 0x0000000758600000, 0x0000000758800000|  0%| F|  |TAMS 0x0000000758600000, 0x0000000758600000| Untracked 
|  51|0x0000000758800000, 0x0000000758800000, 0x0000000758a00000|  0%| F|  |TAMS 0x0000000758800000, 0x0000000758800000| Untracked 
|  52|0x0000000758a00000, 0x0000000758a00000, 0x0000000758c00000|  0%| F|  |TAMS 0x0000000758a00000, 0x0000000758a00000| Untracked 
|  53|0x0000000758c00000, 0x0000000758c00000, 0x0000000758e00000|  0%| F|  |TAMS 0x0000000758c00000, 0x0000000758c00000| Untracked 
|  54|0x0000000758e00000, 0x0000000758e00000, 0x0000000759000000|  0%| F|  |TAMS 0x0000000758e00000, 0x0000000758e00000| Untracked 
|  55|0x0000000759000000, 0x0000000759000000, 0x0000000759200000|  0%| F|  |TAMS 0x0000000759000000, 0x0000000759000000| Untracked 
|  56|0x0000000759200000, 0x0000000759200000, 0x0000000759400000|  0%| F|  |TAMS 0x0000000759200000, 0x0000000759200000| Untracked 
|  57|0x0000000759400000, 0x0000000759400000, 0x0000000759600000|  0%| F|  |TAMS 0x0000000759400000, 0x0000000759400000| Untracked 
|  58|0x0000000759600000, 0x0000000759600000, 0x0000000759800000|  0%| F|  |TAMS 0x0000000759600000, 0x0000000759600000| Untracked 
|  59|0x0000000759800000, 0x0000000759800000, 0x0000000759a00000|  0%| F|  |TAMS 0x0000000759800000, 0x0000000759800000| Untracked 
|  60|0x0000000759a00000, 0x0000000759a00000, 0x0000000759c00000|  0%| F|  |TAMS 0x0000000759a00000, 0x0000000759a00000| Untracked 
|  61|0x0000000759c00000, 0x0000000759c00000, 0x0000000759e00000|  0%| F|  |TAMS 0x0000000759c00000, 0x0000000759c00000| Untracked 
|  62|0x0000000759e00000, 0x0000000759e00000, 0x000000075a000000|  0%| F|  |TAMS 0x0000000759e00000, 0x0000000759e00000| Untracked 
|  63|0x000000075a000000, 0x000000075a000000, 0x000000075a200000|  0%| F|  |TAMS 0x000000075a000000, 0x000000075a000000| Untracked 
|  64|0x000000075a200000, 0x000000075a200000, 0x000000075a400000|  0%| F|  |TAMS 0x000000075a200000, 0x000000075a200000| Untracked 
|  65|0x000000075a400000, 0x000000075a400000, 0x000000075a600000|  0%| F|  |TAMS 0x000000075a400000, 0x000000075a400000| Untracked 
|  66|0x000000075a600000, 0x000000075a600000, 0x000000075a800000|  0%| F|  |TAMS 0x000000075a600000, 0x000000075a600000| Untracked 
|  67|0x000000075a800000, 0x000000075a800000, 0x000000075aa00000|  0%| F|  |TAMS 0x000000075a800000, 0x000000075a800000| Untracked 
|  68|0x000000075aa00000, 0x000000075aa00000, 0x000000075ac00000|  0%| F|  |TAMS 0x000000075aa00000, 0x000000075aa00000| Untracked 
|  69|0x000000075ac00000, 0x000000075ac00000, 0x000000075ae00000|  0%| F|  |TAMS 0x000000075ac00000, 0x000000075ac00000| Untracked 
|  70|0x000000075ae00000, 0x000000075ae00000, 0x000000075b000000|  0%| F|  |TAMS 0x000000075ae00000, 0x000000075ae00000| Untracked 
|  71|0x000000075b000000, 0x000000075b000000, 0x000000075b200000|  0%| F|  |TAMS 0x000000075b000000, 0x000000075b000000| Untracked 
|  72|0x000000075b200000, 0x000000075b200000, 0x000000075b400000|  0%| F|  |TAMS 0x000000075b200000, 0x000000075b200000| Untracked 
|  73|0x000000075b400000, 0x000000075b400000, 0x000000075b600000|  0%| F|  |TAMS 0x000000075b400000, 0x000000075b400000| Untracked 
|  74|0x000000075b600000, 0x000000075b600000, 0x000000075b800000|  0%| F|  |TAMS 0x000000075b600000, 0x000000075b600000| Untracked 
|  75|0x000000075b800000, 0x000000075b800000, 0x000000075ba00000|  0%| F|  |TAMS 0x000000075b800000, 0x000000075b800000| Untracked 
|  76|0x000000075ba00000, 0x000000075ba00000, 0x000000075bc00000|  0%| F|  |TAMS 0x000000075ba00000, 0x000000075ba00000| Untracked 
|  77|0x000000075bc00000, 0x000000075bc00000, 0x000000075be00000|  0%| F|  |TAMS 0x000000075bc00000, 0x000000075bc00000| Untracked 
|  78|0x000000075be00000, 0x000000075c000000, 0x000000075c000000|100%| S|CS|TAMS 0x000000075be00000, 0x000000075be00000| Complete 
|  79|0x000000075c000000, 0x000000075c000000, 0x000000075c200000|  0%| F|  |TAMS 0x000000075c000000, 0x000000075c000000| Untracked 
|  80|0x000000075c200000, 0x000000075c200000, 0x000000075c400000|  0%| F|  |TAMS 0x000000075c200000, 0x000000075c200000| Untracked 
|  81|0x000000075c400000, 0x000000075c400000, 0x000000075c600000|  0%| F|  |TAMS 0x000000075c400000, 0x000000075c400000| Untracked 
|  82|0x000000075c600000, 0x000000075c600000, 0x000000075c800000|  0%| F|  |TAMS 0x000000075c600000, 0x000000075c600000| Untracked 
|  83|0x000000075c800000, 0x000000075c800000, 0x000000075ca00000|  0%| F|  |TAMS 0x000000075c800000, 0x000000075c800000| Untracked 
|  84|0x000000075ca00000, 0x000000075ca00000, 0x000000075cc00000|  0%| F|  |TAMS 0x000000075ca00000, 0x000000075ca00000| Untracked 
|  85|0x000000075cc00000, 0x000000075cd60330, 0x000000075ce00000| 68%| E|  |TAMS 0x000000075cc00000, 0x000000075cc00000| Complete 
|  86|0x000000075ce00000, 0x000000075d000000, 0x000000075d000000|100%| E|CS|TAMS 0x000000075ce00000, 0x000000075ce00000| Complete 

Card table byte_map: [0x000002337f7b0000,0x000002337fd20000] _byte_map_base: 0x000002337bd1f000

Marking Bits (Prev, Next): (CMBitMap*) 0x00000233749f59a0, (CMBitMap*) 0x00000233749f59e0
 Prev Bits: [0x0000023300570000, 0x00000233030e8000)
 Next Bits: [0x00000233030f0000, 0x0000023305c68000)

Polling page: 0x00000233728d0000

Metaspace:

Usage:
  Non-class:      3.68 MB used.
      Class:    483.42 KB used.
       Both:      4.15 MB used.

Virtual space:
  Non-class space:       64.00 MB reserved,       3.75 MB (  6%) committed,  1 nodes.
      Class space:        1.00 GB reserved,     512.00 KB ( <1%) committed,  1 nodes.
             Both:        1.06 GB reserved,       4.25 MB ( <1%) committed. 

Chunk freelists:
   Non-Class:  10.86 MB
       Class:  15.51 MB
        Both:  26.36 MB

MaxMetaspaceSize: unlimited
CompressedClassSpaceSize: 1.00 GB
Initial GC threshold: 21.00 MB
Current GC threshold: 21.00 MB
CDS: on
MetaspaceReclaimPolicy: balanced
 - commit_granule_bytes: 65536.
 - commit_granule_words: 8192.
 - virtual_space_node_default_size: 8388608.
 - enlarge_chunks_in_place: 1.
 - new_chunks_are_fully_committed: 0.
 - uncommit_free_chunks: 1.
 - use_allocation_guard: 0.
 - handle_deallocations: 1.


Internal statistics:

num_allocs_failed_limit: 0.
num_arena_births: 62.
num_arena_deaths: 0.
num_vsnodes_births: 2.
num_vsnodes_deaths: 0.
num_space_committed: 68.
num_space_uncommitted: 0.
num_chunks_returned_to_freelist: 0.
num_chunks_taken_from_freelist: 134.
num_chunk_merges: 0.
num_chunk_splits: 81.
num_chunks_enlarged: 57.
num_inconsistent_stats: 0.

CodeCache: size=49152Kb used=3053Kb max_used=3053Kb free=46098Kb
 bounds [0x000002337c240000, 0x000002337c540000, 0x000002337f240000]
 total_blobs=1316 nmethods=893 adapters=350
 compilation: enabled
              stopped_count=0, restarted_count=0
 full_count=0

Compilation events (20 events):
Event: 2.588 Thread 0x000002334d24c420  884       1       java.math.BigInteger::primitiveLeftShift (37 bytes)
Event: 2.589 Thread 0x0000023307e19f50  885       1       java.util.Objects::checkFromToIndex (8 bytes)
Event: 2.589 Thread 0x0000023307e19f50 nmethod 885 0x000002337c536690 code [0x000002337c536820, 0x000002337c536928]
Event: 2.589 Thread 0x0000023307e19f50  886       1       jdk.internal.util.Preconditions::checkFromToIndex (24 bytes)
Event: 2.589 Thread 0x000002334d24c420 nmethod 884 0x000002337c536a10 code [0x000002337c536bc0, 0x000002337c536de8]
Event: 2.589 Thread 0x000002334d24c420  887       1       java.math.BigInteger::montgomerySquare (49 bytes)
Event: 2.589 Thread 0x0000023307e19f50 nmethod 886 0x000002337c536f90 code [0x000002337c537160, 0x000002337c5375f8]
Event: 2.589 Thread 0x0000023307e19f50  888       1       java.math.BigInteger::implMontgomerySquare (19 bytes)
Event: 2.589 Thread 0x000002334d24c420 nmethod 887 0x000002337c537810 code [0x000002337c537a00, 0x000002337c537db8]
Event: 2.589 Thread 0x000002334d24c420  889       1       java.math.BigInteger::squareToLen (33 bytes)
Event: 2.589 Thread 0x000002334d24c420 nmethod 889 0x000002337c538010 code [0x000002337c5381c0, 0x000002337c538398]
Event: 2.589 Thread 0x000002334d24c420  890       1       java.math.BigInteger::implSquareToLenChecks (206 bytes)
Event: 2.589 Thread 0x0000023307e19f50 nmethod 888 0x000002337c538490 code [0x000002337c538640, 0x000002337c538868]
Event: 2.590 Thread 0x000002334d24c420 nmethod 890 0x000002337c538a10 code [0x000002337c538dc0, 0x000002337c539e98]
Event: 2.592 Thread 0x000002334d24c420  891       1       java.math.BigInteger::subN (46 bytes)
Event: 2.592 Thread 0x000002334d24c420 nmethod 891 0x000002337c53a610 code [0x000002337c53a7a0, 0x000002337c53a8f8]
Event: 2.594 Thread 0x0000023307e19f50  893       1       java.lang.StringLatin1::trim (76 bytes)
Event: 2.594 Thread 0x000002334d24c420  892       1       java.lang.String::trim (35 bytes)
Event: 2.594 Thread 0x000002334d24c420 nmethod 892 0x000002337c53aa10 code [0x000002337c53abc0, 0x000002337c53acf8]
Event: 2.594 Thread 0x0000023307e19f50 nmethod 893 0x000002337c53ad90 code [0x000002337c53af40, 0x000002337c53b1c8]

GC Heap History (6 events):
Event: 1.115 GC heap before
{Heap before GC invocations=0 (full 0):
 garbage-first heap   total 178176K, used 10240K [0x0000000752200000, 0x0000000800000000)
  region size 2048K, 6 young (12288K), 0 survivors (0K)
 Metaspace       used 740K, committed 832K, reserved 1114112K
  class space    used 63K, committed 128K, reserved 1048576K
}
Event: 1.250 GC heap after
{Heap after GC invocations=1 (full 0):
 garbage-first heap   total 178176K, used 7582K [0x0000000752200000, 0x0000000800000000)
  region size 2048K, 1 young (2048K), 1 survivors (2048K)
 Metaspace       used 740K, committed 832K, reserved 1114112K
  class space    used 63K, committed 128K, reserved 1048576K
}
Event: 1.687 GC heap before
{Heap before GC invocations=1 (full 0):
 garbage-first heap   total 178176K, used 13726K [0x0000000752200000, 0x0000000800000000)
  region size 2048K, 4 young (8192K), 1 survivors (2048K)
 Metaspace       used 2014K, committed 2176K, reserved 1114112K
  class space    used 236K, committed 320K, reserved 1048576K
}
Event: 1.690 GC heap after
{Heap after GC invocations=2 (full 0):
 garbage-first heap   total 178176K, used 10235K [0x0000000752200000, 0x0000000800000000)
  region size 2048K, 1 young (2048K), 1 survivors (2048K)
 Metaspace       used 2014K, committed 2176K, reserved 1114112K
  class space    used 236K, committed 320K, reserved 1048576K
}
Event: 2.385 GC heap before
{Heap before GC invocations=2 (full 0):
 garbage-first heap   total 178176K, used 24571K [0x0000000752200000, 0x0000000800000000)
  region size 2048K, 8 young (16384K), 1 survivors (2048K)
 Metaspace       used 3558K, committed 3712K, reserved 1114112K
  class space    used 408K, committed 448K, reserved 1048576K
}
Event: 2.390 GC heap after
{Heap after GC invocations=3 (full 0):
 garbage-first heap   total 178176K, used 17830K [0x0000000752200000, 0x0000000800000000)
  region size 2048K, 1 young (2048K), 1 survivors (2048K)
 Metaspace       used 3558K, committed 3712K, reserved 1114112K
  class space    used 408K, committed 448K, reserved 1048576K
}

Deoptimization events (0 events):
No events

Classes unloaded (0 events):
No events

Classes redefined (0 events):
No events

Internal exceptions (6 events):
Event: 1.462 Thread 0x000002337499b550 Exception <a 'java/lang/ClassNotFoundException'{0x000000075cd67420}: javax/smartcardio/CardPermission> (0x000000075cd67420) 
thrown [s\open\src\hotspot\share\classfile\systemDictionary.cpp, line 256]
Event: 1.473 Thread 0x000002337499b550 Exception <a 'java/io/FileNotFoundException'{0x000000075cd759e8}> (0x000000075cd759e8) 
thrown [s\open\src\hotspot\share\prims\jni.cpp, line 516]
Event: 1.530 Thread 0x000002337499b550 Exception <a 'java/lang/NoSuchMethodError'{0x000000075cdf74d0}: 'java.lang.Object java.lang.invoke.DirectMethodHandle$Holder.invokeSpecial(java.lang.Object, java.lang.Object, java.lang.Object, long, java.lang.Object)'> (0x000000075cdf74d0) 
thrown [s\open\src\hotspot\share\interpreter\linkResolver.cpp, line 759]
Event: 1.530 Thread 0x000002337499b550 Exception <a 'java/lang/NoSuchMethodError'{0x000000075cdfb170}: 'java.lang.Object java.lang.invoke.Invokers$Holder.linkToTargetMethod(java.lang.Object, long, java.lang.Object, java.lang.Object)'> (0x000000075cdfb170) 
thrown [s\open\src\hotspot\share\interpreter\linkResolver.cpp, line 759]
Event: 1.766 Thread 0x000002337499b550 Exception <a 'java/lang/NoSuchMethodError'{0x000000075ce30fb8}: 'void java.lang.invoke.DirectMethodHandle$Holder.invokeStatic(java.lang.Object, java.lang.Object, java.lang.Object, java.lang.Object)'> (0x000000075ce30fb8) 
thrown [s\open\src\hotspot\share\interpreter\linkResolver.cpp, line 759]
Event: 1.874 Thread 0x000002337499b550 Exception <a 'java/lang/NoSuchMethodError'{0x000000075cf96b90}: 'int java.lang.invoke.DirectMethodHandle$Holder.invokeStaticInit(java.lang.Object, java.lang.Object)'> (0x000000075cf96b90) 
thrown [s\open\src\hotspot\share\interpreter\linkResolver.cpp, line 759]

VM Operations (16 events):
Event: 0.556 Executing VM operation: HandshakeAllThreads
Event: 0.556 Executing VM operation: HandshakeAllThreads done
Event: 0.751 Executing VM operation: HandshakeAllThreads
Event: 0.751 Executing VM operation: HandshakeAllThreads done
Event: 1.115 Executing VM operation: G1CollectForAllocation
Event: 1.250 Executing VM operation: G1CollectForAllocation done
Event: 1.379 Executing VM operation: HandshakeAllThreads
Event: 1.379 Executing VM operation: HandshakeAllThreads done
Event: 1.675 Executing VM operation: HandshakeAllThreads
Event: 1.675 Executing VM operation: HandshakeAllThreads done
Event: 1.687 Executing VM operation: G1CollectForAllocation
Event: 1.690 Executing VM operation: G1CollectForAllocation done
Event: 2.129 Executing VM operation: HandshakeAllThreads
Event: 2.129 Executing VM operation: HandshakeAllThreads done
Event: 2.385 Executing VM operation: G1CollectForAllocation
Event: 2.391 Executing VM operation: G1CollectForAllocation done

Events (20 events):
Event: 2.527 loading class java/security/NoSuchAlgorithmException done
Event: 2.528 loading class java/security/interfaces/DSAPrivateKey
Event: 2.528 loading class java/security/interfaces/DSAPrivateKey done
Event: 2.528 loading class java/security/interfaces/DSAParams
Event: 2.528 loading class java/security/interfaces/DSAParams done
Event: 2.528 loading class java/security/spec/DSAParameterSpec
Event: 2.528 loading class java/security/spec/DSAParameterSpec done
Event: 2.579 loading class java/math/SignedMutableBigInteger
Event: 2.579 loading class java/math/SignedMutableBigInteger done
Event: 2.594 loading class sun/security/util/JarConstraintsParameters
Event: 2.594 loading class sun/security/util/ConstraintsParameters
Event: 2.595 loading class sun/security/util/ConstraintsParameters done
Event: 2.595 loading class sun/security/util/JarConstraintsParameters done
Event: 2.595 loading class java/security/interfaces/ECKey
Event: 2.595 loading class java/security/interfaces/ECKey done
Event: 2.595 loading class java/security/interfaces/XECKey
Event: 2.595 loading class java/security/interfaces/XECKey done
Event: 2.595 loading class sun/security/util/KeyUtil
Event: 2.595 loading class sun/security/util/KeyUtil done
Event: 2.595 loading class sun/security/util/Length


Dynamic libraries:
0x00007ff6054d0000 - 0x00007ff6054e0000 	C:\Program Files\Java\jdk-17\bin\java.exe
0x00007ff963b80000 - 0x00007ff963de3000 	C:\WINDOWS\SYSTEM32\ntdll.dll
0x00007ff9624e0000 - 0x00007ff9625a7000 	C:\WINDOWS\System32\KERNEL32.DLL
0x00007ff9613b0000 - 0x00007ff961779000 	C:\WINDOWS\System32\KERNELBASE.dll
0x00007ff961260000 - 0x00007ff9613ac000 	C:\WINDOWS\System32\ucrtbase.dll
0x00007ff959470000 - 0x00007ff959489000 	C:\Program Files\Java\jdk-17\bin\jli.dll
0x00007ff963330000 - 0x00007ff9633e2000 	C:\WINDOWS\System32\ADVAPI32.dll
0x00007ff9638a0000 - 0x00007ff963949000 	C:\WINDOWS\System32\msvcrt.dll
0x00007ff963960000 - 0x00007ff963a06000 	C:\WINDOWS\System32\sechost.dll
0x00007ff9619f0000 - 0x00007ff961b06000 	C:\WINDOWS\System32\RPCRT4.dll
0x00007ff961e50000 - 0x00007ff96201a000 	C:\WINDOWS\System32\USER32.dll
0x00007ff961810000 - 0x00007ff961837000 	C:\WINDOWS\System32\win32u.dll
0x00007ff962750000 - 0x00007ff96277a000 	C:\WINDOWS\System32\GDI32.dll
0x00007ff960fb0000 - 0x00007ff9610e1000 	C:\WINDOWS\System32\gdi32full.dll
0x00007ff960f00000 - 0x00007ff960fa3000 	C:\WINDOWS\System32\msvcp_win.dll
0x00007ff959c40000 - 0x00007ff959c5b000 	C:\Program Files\Java\jdk-17\bin\VCRUNTIME140.dll
0x00007ff94d000000 - 0x00007ff94d290000 	C:\WINDOWS\WinSxS\amd64_microsoft.windows.common-controls_6595b64144ccf1df_6.0.26100.3323_none_3e088096e3344490\COMCTL32.dll
0x00007ff954c70000 - 0x00007ff954c7b000 	C:\WINDOWS\SYSTEM32\VERSION.dll
0x00007ff961e10000 - 0x00007ff961e3f000 	C:\WINDOWS\System32\IMM32.DLL
0x00007ff95a0f0000 - 0x00007ff95a0fc000 	C:\Program Files\Java\jdk-17\bin\vcruntime140_1.dll
0x00007ff939060000 - 0x00007ff9390ee000 	C:\Program Files\Java\jdk-17\bin\msvcp140.dll
0x00007ff9013e0000 - 0x00007ff901fc0000 	C:\Program Files\Java\jdk-17\bin\server\jvm.dll
0x00007ff9624d0000 - 0x00007ff9624d8000 	C:\WINDOWS\System32\PSAPI.DLL
0x00007ff942170000 - 0x00007ff94217a000 	C:\WINDOWS\SYSTEM32\WSOCK32.dll
0x00007ff963550000 - 0x00007ff9635c4000 	C:\WINDOWS\System32\WS2_32.dll
0x00007ff954c30000 - 0x00007ff954c66000 	C:\WINDOWS\SYSTEM32\WINMM.dll
0x00007ff95fba0000 - 0x00007ff95fbba000 	C:\WINDOWS\SYSTEM32\kernel.appcore.dll
0x00007ff959460000 - 0x00007ff95946a000 	C:\Program Files\Java\jdk-17\bin\jimage.dll
0x00007ff958220000 - 0x00007ff958461000 	C:\WINDOWS\SYSTEM32\DBGHELP.DLL
0x00007ff962140000 - 0x00007ff9624c2000 	C:\WINDOWS\System32\combase.dll
0x00007ff961b70000 - 0x00007ff961c46000 	C:\WINDOWS\System32\OLEAUT32.dll
0x00007ff94a020000 - 0x00007ff94a059000 	C:\WINDOWS\SYSTEM32\dbgcore.DLL
0x00007ff961840000 - 0x00007ff9618d9000 	C:\WINDOWS\System32\bcryptPrimitives.dll
0x00007ff959280000 - 0x00007ff9592a5000 	C:\Program Files\Java\jdk-17\bin\java.dll
0x00007ff9370e0000 - 0x00007ff9371b7000 	C:\Program Files\Java\jdk-17\bin\jsvml.dll
0x00007ff962780000 - 0x00007ff962e95000 	C:\WINDOWS\System32\SHELL32.dll
0x00007ff9610f0000 - 0x00007ff961258000 	C:\WINDOWS\System32\wintypes.dll
0x00007ff95ea60000 - 0x00007ff95f2a5000 	C:\WINDOWS\SYSTEM32\windows.storage.dll
0x00007ff9637b0000 - 0x00007ff96389b000 	C:\WINDOWS\System32\SHCORE.dll
0x00007ff961b10000 - 0x00007ff961b6d000 	C:\WINDOWS\System32\shlwapi.dll
0x00007ff960c90000 - 0x00007ff960cbf000 	C:\WINDOWS\SYSTEM32\profapi.dll
0x00007ff959440000 - 0x00007ff959459000 	C:\Program Files\Java\jdk-17\bin\net.dll
0x00007ff95a140000 - 0x00007ff95a25e000 	C:\WINDOWS\SYSTEM32\WINHTTP.dll
0x00007ff9600c0000 - 0x00007ff96012a000 	C:\WINDOWS\system32\mswsock.dll
0x00007ff959210000 - 0x00007ff959226000 	C:\Program Files\Java\jdk-17\bin\nio.dll
0x00007ff9591a0000 - 0x00007ff9591b8000 	C:\Program Files\Java\jdk-17\bin\zip.dll

dbghelp: loaded successfully - version: 4.0.5 - missing functions: none
symbol engine: initialized successfully - sym options: 0x614 - pdb path: .;C:\Program Files\Java\jdk-17\bin;C:\WINDOWS\SYSTEM32;C:\WINDOWS\WinSxS\amd64_microsoft.windows.common-controls_6595b64144ccf1df_6.0.26100.3323_none_3e088096e3344490;C:\Program Files\Java\jdk-17\bin\server

VM Arguments:
jvm_args: -XX:TieredStopAtLevel=1 
java_command: com.microservices.smmsb_inventory_service.SmmsbInventoryServiceApplication
java_class_path (initial): D:\Kerja\Padepokan79\Microservices\Sistem Microservices Manajemen Stok Bengkel\smmsb_inventory_service\target\classes;C:\Users\irawan\.m2\repository\org\apache\logging\log4j\log4j-to-slf4j\2.24.3\log4j-to-slf4j-2.24.3.jar;C:\Users\irawan\.m2\repository\org\apache\logging\log4j\log4j-api\2.24.3\log4j-api-2.24.3.jar;C:\Users\irawan\.m2\repository\org\slf4j\jul-to-slf4j\2.0.16\jul-to-slf4j-2.0.16.jar;C:\Users\irawan\.m2\repository\jakarta\annotation\jakarta.annotation-api\2.1.1\jakarta.annotation-api-2.1.1.jar;C:\Users\irawan\.m2\repository\org\yaml\snakeyaml\2.3\snakeyaml-2.3.jar;C:\Users\irawan\.m2\repository\com\zaxxer\HikariCP\5.1.0\HikariCP-5.1.0.jar;C:\Users\irawan\.m2\repository\org\springframework\spring-jdbc\6.2.3\spring-jdbc-6.2.3.jar;C:\Users\irawan\.m2\repository\org\hibernate\orm\hibernate-core\6.6.8.Final\hibernate-core-6.6.8.Final.jar;C:\Users\irawan\.m2\repository\jakarta\persistence\jakarta.persistence-api\3.1.0\jakarta.persistence-api-3.1.0.jar;C:\Users\irawan\.m2\repository\jakarta\transaction\jakarta.transaction-api\2.0.1\jakarta.transaction-api-2.0.1.jar;C:\Users\irawan\.m2\repository\org\jboss\logging\jboss-logging\3.6.1.Final\jboss-logging-3.6.1.Final.jar;C:\Users\irawan\.m2\repository\org\hibernate\common\hibernate-commons-annotations\7.0.3.Final\hibernate-commons-annotations-7.0.3.Final.jar;C:\Users\irawan\.m2\repository\io\smallrye\jandex\3.2.0\jandex-3.2.0.jar;C:\Users\irawan\.m2\repository\com\fasterxml\classmate\1.7.0\classmate-1.7.0.jar;C:\Users\irawan\.m2\repository\net\bytebuddy\byte-buddy\1.15.11\byte-buddy-1.15.11.jar;C:\Users\irawan\.m2\repository\org\glassfish\jaxb\jaxb-runtime\4.0.5\jaxb-runtime-4.0.5.jar;C:\Users\irawan\.m2\repository\org\glassfish\jaxb\jaxb-core\4.0.5\jaxb-core-4.0.5.jar;C:\Users\irawan\.m2\repository\org\eclipse\angus\angus-activation\2.0.2\angus-activation-2.0.2.jar;C:\Users\irawan\.m2\repository\org\glassfish\jaxb\txw2\4.0.5\txw2-4.0.5.jar;C:\Users\irawan\.m2\repository\com\sun\ista
Launcher Type: SUN_STANDARD

[Global flags]
     intx CICompilerCount                          = 3                                         {product} {ergonomic}
     uint ConcGCThreads                            = 1                                         {product} {ergonomic}
     uint G1ConcRefinementThreads                  = 4                                         {product} {ergonomic}
   size_t G1HeapRegionSize                         = 2097152                                   {product} {ergonomic}
    uintx GCDrainStackTargetSize                   = 64                                        {product} {ergonomic}
   size_t InitialHeapSize                          = 182452224                                 {product} {ergonomic}
   size_t MarkStackSize                            = 4194304                                   {product} {ergonomic}
   size_t MaxHeapSize                              = 2917138432                                {product} {ergonomic}
   size_t MaxNewSize                               = 1749024768                                {product} {ergonomic}
   size_t MinHeapDeltaBytes                        = 2097152                                   {product} {ergonomic}
   size_t MinHeapSize                              = 8388608                                   {product} {ergonomic}
    uintx NonProfiledCodeHeapSize                  = 0                                      {pd product} {ergonomic}
     bool ProfileInterpreter                       = false                                  {pd product} {command line}
    uintx ProfiledCodeHeapSize                     = 0                                      {pd product} {ergonomic}
   size_t SoftMaxHeapSize                          = 2917138432                             {manageable} {ergonomic}
     intx TieredStopAtLevel                        = 1                                         {product} {command line}
     bool UseCompressedClassPointers               = true                           {product lp64_product} {ergonomic}
     bool UseCompressedOops                        = true                           {product lp64_product} {ergonomic}
     bool UseG1GC                                  = true                                      {product} {ergonomic}
     bool UseLargePagesIndividualAllocation        = false                                  {pd product} {ergonomic}

Logging:
Log output configuration:
 #0: stdout all=warning uptime,level,tags
 #1: stderr all=off uptime,level,tags

Environment Variables:
JAVA_HOME=C:\Program Files\Java\jdk-17
PATH=C:\Program Files\Ruby33-x64\bin;C:\Program Files\Common Files\Oracle\Java\javapath;C:\Program Files (x86)\NVIDIA Corporation\PhysX\Common;C:\Program Files (x86)\Common Files\Intel\Shared Files\cpp\bin\Intel64;C:\Users\irawan\AppData\Local\Programs\Python\Python310\Scripts\;C:\Users\irawan\AppData\Local\Programs\Python\Python310\;C:\Program Files (x86)\Common Files\Oracle\Java\javapath;C:\Program Files\ImageMagick-7.1.0-Q16-HDRI;C:\21c\db\bin;C:\WINDOWS\system32;C:\WINDOWS;C:\WINDOWS\System32\Wbem;C:\WINDOWS\System32\WindowsPowerShell\v1.0\;C:\WINDOWS\System32\OpenSSH\;C:\composer;C:\Program Files\dotnet\;C:\flutterproject\sdkfluter\flutter\bin;C:\ProgramData\chocolatey\bin;C:\xampp7.4.32\php;C:\Users\irawan\AppData\Roaming\nvm;C:\Program Files\nodejs;C:\Program Files\Git\cmd;C:\MinGW\bin;C:\Program Files\PuTTY\;C:\Program Files\Java\jdk-17\bin;C:\Bootcamp\;C:\apache-maven-3.9.4\bin;C:\Program Files\Git\bin;C:\Program Files\Microsoft SQL Server\150\Tools\Binn\;C:\Program Files\Microsoft SQL Server\Client SDK\ODBC\170\Tools\Binn\;C:\Program Files\RabbitMQ Server;C:\Program Files (x86)\Microsoft SQL Server\160\Tools\Binn\;C:\Program Files\Microsoft SQL Server\160\Tools\Binn\;C:\Program Files\Microsoft SQL Server\160\DTS\Binn\;C:\Program Files (x86)\Microsoft SQL Server\160\DTS\Binn\;C:\Program Files\Go\bin;C:\Program Files\Docker\Docker\resources\bin;C:\Program Files\nodejs\;C:\Program Files\Java\jdk-17\bin;C:\Program Files\Ruby33-x64\bin;C:\Program Files\Common Files\Oracle\Java\javapath;C:\Program Files (x86)\NVIDIA Corporation\PhysX\Common;C:\Program Files (x86)\Common Files\Intel\Shared Files\cpp\bin\Intel64;C:\Users\irawan\AppData\Local\Programs\Python\Python310\Scripts\;C:\Users\irawan\AppData\Local\Programs\Python\Python310\;C:\Program Files (x86)\Common Files\Oracle\Java\javapath;C:\Program Files\ImageMagick-7.1.0-Q16-HDRI;C:\21c\db\bin;C:\WINDOWS\system32;C:\WINDOWS;C:\WINDOWS\System32\Wbem;C:\WINDOWS\System32\WindowsPowerShell\v1.0\;C:\WINDOWS\System32\Open
USERNAME=irawan
OS=Windows_NT
PROCESSOR_IDENTIFIER=AMD64 Family 23 Model 96 Stepping 1, AuthenticAMD



---------------  S Y S T E M  ---------------

OS:
 Windows 11 , 64 bit Build 26100 (10.0.26100.3323)
OS uptime: 10 days 20:38 hours
Hyper-V role detected

CPU: total 4 (initial active 4) (4 cores per cpu, 1 threads per core) family 23 model 96 stepping 1 microcode 0x8600106, cx8, cmov, fxsr, mmx, 3dnowpref, sse, sse2, sse3, ssse3, sse4a, sse4.1, sse4.2, popcnt, lzcnt, tsc, tscinvbit, avx, avx2, aes, clmul, bmi1, bmi2, adx, sha, fma, vzeroupper, clflush, clflushopt, hv

Memory: 4k page, system-wide physical 11127M (441M free)
TotalPageFile size 45943M (AvailPageFile size 0M)
current process WorkingSet (physical memory assigned to process): 79M, peak: 79M
current process commit charge ("private bytes"): 259M, peak: 259M

vm_info: Java HotSpot(TM) 64-Bit Server VM (17.0.12+8-LTS-286) for windows-amd64 JRE (17.0.12+8-LTS-286), built on Jun  5 2024 06:46:59 by "mach5one" with MS VC++ 17.6 (VS2022)

END.
