#
# There is insufficient memory for the Java Runtime Environment to continue.
# Native memory allocation (malloc) failed to allocate 1131168 bytes for Chunk::new
# Possible reasons:
#   The system is out of physical RAM or swap space
#   The process is running with CompressedOops enabled, and the Java Heap may be blocking the growth of the native heap
# Possible solutions:
#   Reduce memory load on the system
#   Increase physical memory or swap space
#   Check if swap backing store is full
#   Decrease Java heap size (-Xmx/-Xms)
#   Decrease number of Java threads
#   Decrease Java thread stack sizes (-Xss)
#   Set larger code cache with -XX:ReservedCodeCacheSize=
#   JVM is running with Zero Based Compressed Oops mode in which the Java heap is
#     placed in the first 32GB address space. The Java Heap base address is the
#     maximum limit for the native heap growth. Please use -XX:HeapBaseMinAddress
#     to set the Java Heap base and to place the Java Heap above 32GB virtual address.
# This output file may be truncated or incomplete.
#
#  Out of Memory Error (arena.cpp:189), pid=32764, tid=33300
#
# JRE version: Java(TM) SE Runtime Environment (17.0.12+8) (build 17.0.12+8-LTS-286)
# Java VM: Java HotSpot(TM) 64-Bit Server VM (17.0.12+8-LTS-286, mixed mode, sharing, tiered, compressed oops, compressed class ptrs, g1 gc, windows-amd64)
# No core dump will be written. Minidumps are not enabled by default on client versions of Windows
#

---------------  S U M M A R Y ------------

Command Line: -Dclassworlds.conf=C:\apache-maven-3.9.4\bin\m2.conf -Dmaven.home=C:\apache-maven-3.9.4 -Dlibrary.jansi.path=C:\apache-maven-3.9.4\lib\jansi-native -Dmaven.multiModuleProjectDirectory=D:\Kerja\Padepokan79\Microservices\Sistem Microservices Manajemen Stok Bengkel\smmsb_inventory_service org.codehaus.plexus.classworlds.launcher.Launcher spring-boot:run

Host: AMD Ryzen 3 4300U with Radeon Graphics         , 4 cores, 10G,  Windows 11 , 64 bit Build 26100 (10.0.26100.3323)
Time: Thu Mar 20 09:49:49 2025 SE Asia Standard Time elapsed time: 4.542909 seconds (0d 0h 0m 4s)

---------------  T H R E A D  ---------------

Current thread (0x000002601d517ed0):  JavaThread "C2 CompilerThread1" daemon [_thread_in_native, id=33300, stack(0x000000c9fd800000,0x000000c9fd900000)]


Current CompileTask:
C2:   4542 4073       4       org.codehaus.plexus.util.xml.Xpp3DomBuilder::build (413 bytes)

Stack: [0x000000c9fd800000,0x000000c9fd900000]
Native frames: (J=compiled Java code, j=interpreted, Vv=VM code, C=native code)
V  [jvm.dll+0x67a04a]
V  [jvm.dll+0x7da4ed]
V  [jvm.dll+0x7dbe33]
V  [jvm.dll+0x7dc4a3]
V  [jvm.dll+0x24508f]
V  [jvm.dll+0xab773]
V  [jvm.dll+0xabd3c]
V  [jvm.dll+0x361bee]
V  [jvm.dll+0x32c431]
V  [jvm.dll+0x32b8ca]
V  [jvm.dll+0x21683f]
V  [jvm.dll+0x215c6f]
V  [jvm.dll+0x1a2960]
V  [jvm.dll+0x22610b]
V  [jvm.dll+0x2242ab]
V  [jvm.dll+0x79075c]
V  [jvm.dll+0x78abea]
V  [jvm.dll+0x678f35]
C  [ucrtbase.dll+0x37b0]
C  [KERNEL32.DLL+0x2e8d7]
C  [ntdll.dll+0xbbf6c]


---------------  P R O C E S S  ---------------

Threads class SMR info:
_java_thread_list=0x000002601d5a5510, length=13, elements={
0x0000025fb7ce3000, 0x0000025fd7939cc0, 0x0000025fd793b3f0, 0x0000025fd79517c0,
0x0000025fd7954290, 0x0000025fd79557c0, 0x0000025fd7956180, 0x0000025fd795a830,
0x0000025fd795e510, 0x0000025fd7978a80, 0x0000025fd7bb07e0, 0x0000025fd7bb5790,
0x000002601d517ed0
}

Java Threads: ( => current thread )
  0x0000025fb7ce3000 JavaThread "main" [_thread_in_Java, id=23328, stack(0x000000c9fc100000,0x000000c9fc200000)]
  0x0000025fd7939cc0 JavaThread "Reference Handler" daemon [_thread_blocked, id=1012, stack(0x000000c9fc800000,0x000000c9fc900000)]
  0x0000025fd793b3f0 JavaThread "Finalizer" daemon [_thread_blocked, id=23496, stack(0x000000c9fc900000,0x000000c9fca00000)]
  0x0000025fd79517c0 JavaThread "Signal Dispatcher" daemon [_thread_blocked, id=39528, stack(0x000000c9fca00000,0x000000c9fcb00000)]
  0x0000025fd7954290 JavaThread "Attach Listener" daemon [_thread_blocked, id=15980, stack(0x000000c9fcb00000,0x000000c9fcc00000)]
  0x0000025fd79557c0 JavaThread "Service Thread" daemon [_thread_blocked, id=38024, stack(0x000000c9fcc00000,0x000000c9fcd00000)]
  0x0000025fd7956180 JavaThread "Monitor Deflation Thread" daemon [_thread_blocked, id=16436, stack(0x000000c9fcd00000,0x000000c9fce00000)]
  0x0000025fd795a830 JavaThread "C2 CompilerThread0" daemon [_thread_in_native, id=26652, stack(0x000000c9fce00000,0x000000c9fcf00000)]
  0x0000025fd795e510 JavaThread "C1 CompilerThread0" daemon [_thread_blocked, id=38960, stack(0x000000c9fcf00000,0x000000c9fd000000)]
  0x0000025fd7978a80 JavaThread "Sweeper thread" daemon [_thread_blocked, id=33504, stack(0x000000c9fd000000,0x000000c9fd100000)]
  0x0000025fd7bb07e0 JavaThread "Notification Thread" daemon [_thread_blocked, id=28896, stack(0x000000c9fd100000,0x000000c9fd200000)]
  0x0000025fd7bb5790 JavaThread "Common-Cleaner" daemon [_thread_blocked, id=36268, stack(0x000000c9fd300000,0x000000c9fd400000)]
=>0x000002601d517ed0 JavaThread "C2 CompilerThread1" daemon [_thread_in_native, id=33300, stack(0x000000c9fd800000,0x000000c9fd900000)]

Other Threads:
  0x0000025fd7934b10 VMThread "VM Thread" [stack: 0x000000c9fc700000,0x000000c9fc800000] [id=26844]
  0x0000025fd7bb14e0 WatcherThread [stack: 0x000000c9fd200000,0x000000c9fd300000] [id=20468]
  0x0000025fb7d35260 GCTaskThread "GC Thread#0" [stack: 0x000000c9fc200000,0x000000c9fc300000] [id=9360]
  0x000002601d519a50 GCTaskThread "GC Thread#1" [stack: 0x000000c9fd400000,0x000000c9fd500000] [id=23844]
  0x000002601d4f68c0 GCTaskThread "GC Thread#2" [stack: 0x000000c9fd500000,0x000000c9fd600000] [id=13072]
  0x000002601d4f6b80 GCTaskThread "GC Thread#3" [stack: 0x000000c9fd600000,0x000000c9fd700000] [id=13988]
  0x0000025fb7d42fa0 ConcurrentGCThread "G1 Main Marker" [stack: 0x000000c9fc300000,0x000000c9fc400000] [id=38456]
  0x0000025fb7d44680 ConcurrentGCThread "G1 Conc#0" [stack: 0x000000c9fc400000,0x000000c9fc500000] [id=31416]
  0x0000025fd77f34d0 ConcurrentGCThread "G1 Refine#0" [stack: 0x000000c9fc500000,0x000000c9fc600000] [id=34552]
  0x000002601d284370 ConcurrentGCThread "G1 Refine#1" [stack: 0x000000c9fd700000,0x000000c9fd800000] [id=36784]
  0x0000025fb7dabe10 ConcurrentGCThread "G1 Service" [stack: 0x000000c9fc600000,0x000000c9fc700000] [id=19068]

Threads with active compile tasks:
C2 CompilerThread0     4613 4111   !   4       org.codehaus.plexus.interpolation.ObjectBasedValueSource::getValue (66 bytes)
C2 CompilerThread1     4613 4073       4       org.codehaus.plexus.util.xml.Xpp3DomBuilder::build (413 bytes)

VM state: not at safepoint (normal execution)

VM Mutex/Monitor currently owned by a thread: None

Heap address: 0x0000000752200000, size: 2782 MB, Compressed Oops mode: Zero based, Oop shift amount: 3

CDS archive(s) mapped at: [0x0000025fd8000000-0x0000025fd8bd0000-0x0000025fd8bd0000), size 12386304, SharedBaseAddress: 0x0000025fd8000000, ArchiveRelocationMode: 1.
Compressed class space mapped at: 0x0000025fd9000000-0x0000026019000000, reserved size: 1073741824
Narrow klass base: 0x0000025fd8000000, Narrow klass shift: 0, Narrow klass range: 0x100000000

GC Precious Log:
 CPUs: 4 total, 4 available
 Memory: 11127M
 Large Page Support: Disabled
 NUMA Support: Disabled
 Compressed Oops: Enabled (Zero based)
 Heap Region Size: 2M
 Heap Min Capacity: 8M
 Heap Initial Capacity: 174M
 Heap Max Capacity: 2782M
 Pre-touch: Disabled
 Parallel Workers: 4
 Concurrent Workers: 1
 Concurrent Refinement Workers: 4
 Periodic GC: Disabled

Heap:
 garbage-first heap   total 178176K, used 19484K [0x0000000752200000, 0x0000000800000000)
  region size 2048K, 9 young (18432K), 6 survivors (12288K)
 Metaspace       used 15887K, committed 16064K, reserved 1114112K
  class space    used 1832K, committed 1920K, reserved 1048576K

Heap Regions: E=young(eden), S=young(survivor), O=old, HS=humongous(starts), HC=humongous(continues), CS=collection set, F=free, OA=open archive, CA=closed archive, TAMS=top-at-mark-start (previous, next)
|   0|0x0000000752200000, 0x0000000752400000, 0x0000000752400000|100%| O|  |TAMS 0x0000000752200000, 0x0000000752200000| Untracked 
|   1|0x0000000752400000, 0x000000075252f000, 0x0000000752600000| 59%| O|  |TAMS 0x0000000752400000, 0x0000000752400000| Untracked 
|   2|0x0000000752600000, 0x0000000752600000, 0x0000000752800000|  0%| F|  |TAMS 0x0000000752600000, 0x0000000752600000| Untracked 
|   3|0x0000000752800000, 0x0000000752800000, 0x0000000752a00000|  0%| F|  |TAMS 0x0000000752800000, 0x0000000752800000| Untracked 
|   4|0x0000000752a00000, 0x0000000752a00000, 0x0000000752c00000|  0%| F|  |TAMS 0x0000000752a00000, 0x0000000752a00000| Untracked 
|   5|0x0000000752c00000, 0x0000000752c00000, 0x0000000752e00000|  0%| F|  |TAMS 0x0000000752c00000, 0x0000000752c00000| Untracked 
|   6|0x0000000752e00000, 0x0000000752e00000, 0x0000000753000000|  0%| F|  |TAMS 0x0000000752e00000, 0x0000000752e00000| Untracked 
|   7|0x0000000753000000, 0x0000000753000000, 0x0000000753200000|  0%| F|  |TAMS 0x0000000753000000, 0x0000000753000000| Untracked 
|   8|0x0000000753200000, 0x0000000753200000, 0x0000000753400000|  0%| F|  |TAMS 0x0000000753200000, 0x0000000753200000| Untracked 
|   9|0x0000000753400000, 0x0000000753400000, 0x0000000753600000|  0%| F|  |TAMS 0x0000000753400000, 0x0000000753400000| Untracked 
|  10|0x0000000753600000, 0x0000000753600000, 0x0000000753800000|  0%| F|  |TAMS 0x0000000753600000, 0x0000000753600000| Untracked 
|  11|0x0000000753800000, 0x0000000753800000, 0x0000000753a00000|  0%| F|  |TAMS 0x0000000753800000, 0x0000000753800000| Untracked 
|  12|0x0000000753a00000, 0x0000000753a00000, 0x0000000753c00000|  0%| F|  |TAMS 0x0000000753a00000, 0x0000000753a00000| Untracked 
|  13|0x0000000753c00000, 0x0000000753c00000, 0x0000000753e00000|  0%| F|  |TAMS 0x0000000753c00000, 0x0000000753c00000| Untracked 
|  14|0x0000000753e00000, 0x0000000753e00000, 0x0000000754000000|  0%| F|  |TAMS 0x0000000753e00000, 0x0000000753e00000| Untracked 
|  15|0x0000000754000000, 0x0000000754000000, 0x0000000754200000|  0%| F|  |TAMS 0x0000000754000000, 0x0000000754000000| Untracked 
|  16|0x0000000754200000, 0x0000000754200000, 0x0000000754400000|  0%| F|  |TAMS 0x0000000754200000, 0x0000000754200000| Untracked 
|  17|0x0000000754400000, 0x0000000754400000, 0x0000000754600000|  0%| F|  |TAMS 0x0000000754400000, 0x0000000754400000| Untracked 
|  18|0x0000000754600000, 0x0000000754600000, 0x0000000754800000|  0%| F|  |TAMS 0x0000000754600000, 0x0000000754600000| Untracked 
|  19|0x0000000754800000, 0x0000000754800000, 0x0000000754a00000|  0%| F|  |TAMS 0x0000000754800000, 0x0000000754800000| Untracked 
|  20|0x0000000754a00000, 0x0000000754a00000, 0x0000000754c00000|  0%| F|  |TAMS 0x0000000754a00000, 0x0000000754a00000| Untracked 
|  21|0x0000000754c00000, 0x0000000754c00000, 0x0000000754e00000|  0%| F|  |TAMS 0x0000000754c00000, 0x0000000754c00000| Untracked 
|  22|0x0000000754e00000, 0x0000000754e00000, 0x0000000755000000|  0%| F|  |TAMS 0x0000000754e00000, 0x0000000754e00000| Untracked 
|  23|0x0000000755000000, 0x0000000755000000, 0x0000000755200000|  0%| F|  |TAMS 0x0000000755000000, 0x0000000755000000| Untracked 
|  24|0x0000000755200000, 0x0000000755200000, 0x0000000755400000|  0%| F|  |TAMS 0x0000000755200000, 0x0000000755200000| Untracked 
|  25|0x0000000755400000, 0x0000000755400000, 0x0000000755600000|  0%| F|  |TAMS 0x0000000755400000, 0x0000000755400000| Untracked 
|  26|0x0000000755600000, 0x0000000755600000, 0x0000000755800000|  0%| F|  |TAMS 0x0000000755600000, 0x0000000755600000| Untracked 
|  27|0x0000000755800000, 0x0000000755800000, 0x0000000755a00000|  0%| F|  |TAMS 0x0000000755800000, 0x0000000755800000| Untracked 
|  28|0x0000000755a00000, 0x0000000755a00000, 0x0000000755c00000|  0%| F|  |TAMS 0x0000000755a00000, 0x0000000755a00000| Untracked 
|  29|0x0000000755c00000, 0x0000000755dd82a0, 0x0000000755e00000| 92%| S|CS|TAMS 0x0000000755c00000, 0x0000000755c00000| Complete 
|  30|0x0000000755e00000, 0x0000000756000000, 0x0000000756000000|100%| S|CS|TAMS 0x0000000755e00000, 0x0000000755e00000| Complete 
|  31|0x0000000756000000, 0x0000000756200000, 0x0000000756200000|100%| S|CS|TAMS 0x0000000756000000, 0x0000000756000000| Complete 
|  32|0x0000000756200000, 0x0000000756400000, 0x0000000756400000|100%| S|CS|TAMS 0x0000000756200000, 0x0000000756200000| Complete 
|  33|0x0000000756400000, 0x0000000756600000, 0x0000000756600000|100%| S|CS|TAMS 0x0000000756400000, 0x0000000756400000| Complete 
|  34|0x0000000756600000, 0x0000000756800000, 0x0000000756800000|100%| S|CS|TAMS 0x0000000756600000, 0x0000000756600000| Complete 
|  35|0x0000000756800000, 0x0000000756800000, 0x0000000756a00000|  0%| F|  |TAMS 0x0000000756800000, 0x0000000756800000| Untracked 
|  36|0x0000000756a00000, 0x0000000756a00000, 0x0000000756c00000|  0%| F|  |TAMS 0x0000000756a00000, 0x0000000756a00000| Untracked 
|  37|0x0000000756c00000, 0x0000000756c00000, 0x0000000756e00000|  0%| F|  |TAMS 0x0000000756c00000, 0x0000000756c00000| Untracked 
|  38|0x0000000756e00000, 0x0000000756e00000, 0x0000000757000000|  0%| F|  |TAMS 0x0000000756e00000, 0x0000000756e00000| Untracked 
|  39|0x0000000757000000, 0x0000000757000000, 0x0000000757200000|  0%| F|  |TAMS 0x0000000757000000, 0x0000000757000000| Untracked 
|  40|0x0000000757200000, 0x0000000757200000, 0x0000000757400000|  0%| F|  |TAMS 0x0000000757200000, 0x0000000757200000| Untracked 
|  41|0x0000000757400000, 0x0000000757400000, 0x0000000757600000|  0%| F|  |TAMS 0x0000000757400000, 0x0000000757400000| Untracked 
|  42|0x0000000757600000, 0x0000000757600000, 0x0000000757800000|  0%| F|  |TAMS 0x0000000757600000, 0x0000000757600000| Untracked 
|  43|0x0000000757800000, 0x0000000757800000, 0x0000000757a00000|  0%| F|  |TAMS 0x0000000757800000, 0x0000000757800000| Untracked 
|  44|0x0000000757a00000, 0x0000000757a00000, 0x0000000757c00000|  0%| F|  |TAMS 0x0000000757a00000, 0x0000000757a00000| Untracked 
|  45|0x0000000757c00000, 0x0000000757c00000, 0x0000000757e00000|  0%| F|  |TAMS 0x0000000757c00000, 0x0000000757c00000| Untracked 
|  46|0x0000000757e00000, 0x0000000757e00000, 0x0000000758000000|  0%| F|  |TAMS 0x0000000757e00000, 0x0000000757e00000| Untracked 
|  47|0x0000000758000000, 0x0000000758000000, 0x0000000758200000|  0%| F|  |TAMS 0x0000000758000000, 0x0000000758000000| Untracked 
|  48|0x0000000758200000, 0x0000000758200000, 0x0000000758400000|  0%| F|  |TAMS 0x0000000758200000, 0x0000000758200000| Untracked 
|  49|0x0000000758400000, 0x0000000758400000, 0x0000000758600000|  0%| F|  |TAMS 0x0000000758400000, 0x0000000758400000| Untracked 
|  50|0x0000000758600000, 0x0000000758600000, 0x0000000758800000|  0%| F|  |TAMS 0x0000000758600000, 0x0000000758600000| Untracked 
|  51|0x0000000758800000, 0x0000000758800000, 0x0000000758a00000|  0%| F|  |TAMS 0x0000000758800000, 0x0000000758800000| Untracked 
|  52|0x0000000758a00000, 0x0000000758a00000, 0x0000000758c00000|  0%| F|  |TAMS 0x0000000758a00000, 0x0000000758a00000| Untracked 
|  53|0x0000000758c00000, 0x0000000758c00000, 0x0000000758e00000|  0%| F|  |TAMS 0x0000000758c00000, 0x0000000758c00000| Untracked 
|  54|0x0000000758e00000, 0x0000000758e00000, 0x0000000759000000|  0%| F|  |TAMS 0x0000000758e00000, 0x0000000758e00000| Untracked 
|  55|0x0000000759000000, 0x0000000759000000, 0x0000000759200000|  0%| F|  |TAMS 0x0000000759000000, 0x0000000759000000| Untracked 
|  56|0x0000000759200000, 0x0000000759200000, 0x0000000759400000|  0%| F|  |TAMS 0x0000000759200000, 0x0000000759200000| Untracked 
|  57|0x0000000759400000, 0x0000000759400000, 0x0000000759600000|  0%| F|  |TAMS 0x0000000759400000, 0x0000000759400000| Untracked 
|  58|0x0000000759600000, 0x0000000759600000, 0x0000000759800000|  0%| F|  |TAMS 0x0000000759600000, 0x0000000759600000| Untracked 
|  59|0x0000000759800000, 0x0000000759800000, 0x0000000759a00000|  0%| F|  |TAMS 0x0000000759800000, 0x0000000759800000| Untracked 
|  60|0x0000000759a00000, 0x0000000759a00000, 0x0000000759c00000|  0%| F|  |TAMS 0x0000000759a00000, 0x0000000759a00000| Untracked 
|  61|0x0000000759c00000, 0x0000000759c00000, 0x0000000759e00000|  0%| F|  |TAMS 0x0000000759c00000, 0x0000000759c00000| Untracked 
|  62|0x0000000759e00000, 0x0000000759e00000, 0x000000075a000000|  0%| F|  |TAMS 0x0000000759e00000, 0x0000000759e00000| Untracked 
|  63|0x000000075a000000, 0x000000075a000000, 0x000000075a200000|  0%| F|  |TAMS 0x000000075a000000, 0x000000075a000000| Untracked 
|  64|0x000000075a200000, 0x000000075a200000, 0x000000075a400000|  0%| F|  |TAMS 0x000000075a200000, 0x000000075a200000| Untracked 
|  65|0x000000075a400000, 0x000000075a400000, 0x000000075a600000|  0%| F|  |TAMS 0x000000075a400000, 0x000000075a400000| Untracked 
|  66|0x000000075a600000, 0x000000075a600000, 0x000000075a800000|  0%| F|  |TAMS 0x000000075a600000, 0x000000075a600000| Untracked 
|  67|0x000000075a800000, 0x000000075a800000, 0x000000075aa00000|  0%| F|  |TAMS 0x000000075a800000, 0x000000075a800000| Untracked 
|  68|0x000000075aa00000, 0x000000075aa00000, 0x000000075ac00000|  0%| F|  |TAMS 0x000000075aa00000, 0x000000075aa00000| Untracked 
|  69|0x000000075ac00000, 0x000000075ac00000, 0x000000075ae00000|  0%| F|  |TAMS 0x000000075ac00000, 0x000000075ac00000| Untracked 
|  70|0x000000075ae00000, 0x000000075ae00000, 0x000000075b000000|  0%| F|  |TAMS 0x000000075ae00000, 0x000000075ae00000| Untracked 
|  71|0x000000075b000000, 0x000000075b000000, 0x000000075b200000|  0%| F|  |TAMS 0x000000075b000000, 0x000000075b000000| Untracked 
|  72|0x000000075b200000, 0x000000075b200000, 0x000000075b400000|  0%| F|  |TAMS 0x000000075b200000, 0x000000075b200000| Untracked 
|  73|0x000000075b400000, 0x000000075b400000, 0x000000075b600000|  0%| F|  |TAMS 0x000000075b400000, 0x000000075b400000| Untracked 
|  74|0x000000075b600000, 0x000000075b600000, 0x000000075b800000|  0%| F|  |TAMS 0x000000075b600000, 0x000000075b600000| Untracked 
|  75|0x000000075b800000, 0x000000075b800000, 0x000000075ba00000|  0%| F|  |TAMS 0x000000075b800000, 0x000000075b800000| Untracked 
|  76|0x000000075ba00000, 0x000000075ba00000, 0x000000075bc00000|  0%| F|  |TAMS 0x000000075ba00000, 0x000000075ba00000| Untracked 
|  77|0x000000075bc00000, 0x000000075bc00000, 0x000000075be00000|  0%| F|  |TAMS 0x000000075bc00000, 0x000000075bc00000| Untracked 
|  78|0x000000075be00000, 0x000000075be00000, 0x000000075c000000|  0%| F|  |TAMS 0x000000075be00000, 0x000000075be00000| Untracked 
|  79|0x000000075c000000, 0x000000075c000000, 0x000000075c200000|  0%| F|  |TAMS 0x000000075c000000, 0x000000075c000000| Untracked 
|  80|0x000000075c200000, 0x000000075c200000, 0x000000075c400000|  0%| F|  |TAMS 0x000000075c200000, 0x000000075c200000| Untracked 
|  81|0x000000075c400000, 0x000000075c400000, 0x000000075c600000|  0%| F|  |TAMS 0x000000075c400000, 0x000000075c400000| Untracked 
|  82|0x000000075c600000, 0x000000075c600000, 0x000000075c800000|  0%| F|  |TAMS 0x000000075c600000, 0x000000075c600000| Untracked 
|  83|0x000000075c800000, 0x000000075c800000, 0x000000075ca00000|  0%| F|  |TAMS 0x000000075c800000, 0x000000075c800000| Untracked 
|  84|0x000000075ca00000, 0x000000075cc00000, 0x000000075cc00000|100%| E|  |TAMS 0x000000075ca00000, 0x000000075ca00000| Complete 
|  85|0x000000075cc00000, 0x000000075ce00000, 0x000000075ce00000|100%| E|CS|TAMS 0x000000075cc00000, 0x000000075cc00000| Complete 
|  86|0x000000075ce00000, 0x000000075d000000, 0x000000075d000000|100%| E|CS|TAMS 0x000000075ce00000, 0x000000075ce00000| Complete 

Card table byte_map: [0x0000025fcf150000,0x0000025fcf6c0000] _byte_map_base: 0x0000025fcb6bf000

Marking Bits (Prev, Next): (CMBitMap*) 0x0000025fb7d35880, (CMBitMap*) 0x0000025fb7d358c0
 Prev Bits: [0x0000025fcfc30000, 0x0000025fd27a8000)
 Next Bits: [0x0000025fd27b0000, 0x0000025fd5328000)

Polling page: 0x0000025fb63c0000

Metaspace:

Usage:
  Non-class:     13.73 MB used.
      Class:      1.79 MB used.
       Both:     15.51 MB used.

Virtual space:
  Non-class space:       64.00 MB reserved,      13.81 MB ( 22%) committed,  1 nodes.
      Class space:        1.00 GB reserved,       1.88 MB ( <1%) committed,  1 nodes.
             Both:        1.06 GB reserved,      15.69 MB (  1%) committed. 

Chunk freelists:
   Non-Class:  1.64 MB
       Class:  13.96 MB
        Both:  15.61 MB

MaxMetaspaceSize: unlimited
CompressedClassSpaceSize: 1.00 GB
Initial GC threshold: 21.00 MB
Current GC threshold: 21.00 MB
CDS: on
MetaspaceReclaimPolicy: balanced
 - commit_granule_bytes: 65536.
 - commit_granule_words: 8192.
 - virtual_space_node_default_size: 8388608.
 - enlarge_chunks_in_place: 1.
 - new_chunks_are_fully_committed: 0.
 - uncommit_free_chunks: 1.
 - use_allocation_guard: 0.
 - handle_deallocations: 1.


Internal statistics:

num_allocs_failed_limit: 0.
num_arena_births: 92.
num_arena_deaths: 0.
num_vsnodes_births: 2.
num_vsnodes_deaths: 0.
num_space_committed: 251.
num_space_uncommitted: 0.
num_chunks_returned_to_freelist: 0.
num_chunks_taken_from_freelist: 640.
num_chunk_merges: 0.
num_chunk_splits: 445.
num_chunks_enlarged: 354.
num_inconsistent_stats: 0.

CodeHeap 'non-profiled nmethods': size=120000Kb used=2021Kb max_used=2021Kb free=117978Kb
 bounds [0x0000025fc7080000, 0x0000025fc72f0000, 0x0000025fce5b0000]
CodeHeap 'profiled nmethods': size=120000Kb used=8824Kb max_used=8824Kb free=111175Kb
 bounds [0x0000025fbf5b0000, 0x0000025fbfe50000, 0x0000025fc6ae0000]
CodeHeap 'non-nmethods': size=5760Kb used=1182Kb max_used=1234Kb free=4577Kb
 bounds [0x0000025fc6ae0000, 0x0000025fc6d50000, 0x0000025fc7080000]
 total_blobs=4661 nmethods=4186 adapters=387
 compilation: enabled
              stopped_count=0, restarted_count=0
 full_count=0

Compilation events (20 events):
Event: 4.370 Thread 0x0000025fd795e510 4108       3       org.apache.maven.model.merge.ModelMerger::merge (15 bytes)
Event: 4.371 Thread 0x0000025fd795e510 nmethod 4108 0x0000025fbfdf6790 code [0x0000025fbfdf6940, 0x0000025fbfdf6b88]
Event: 4.371 Thread 0x0000025fd795e510 4109       3       org.apache.maven.model.Build::<init> (5 bytes)
Event: 4.371 Thread 0x0000025fd795e510 nmethod 4109 0x0000025fbfdf6d10 code [0x0000025fbfdf6ec0, 0x0000025fbfdf7138]
Event: 4.371 Thread 0x0000025fd795a830 4110       4       java.lang.CharacterDataLatin1::isJavaIdentifierStart (23 bytes)
Event: 4.371 Thread 0x0000025fd795e510 4112       3       org.apache.maven.model.interpolation.StringVisitorModelInterpolator$ModelVisitor::visit (84 bytes)
Event: 4.372 Thread 0x0000025fd795a830 nmethod 4110 0x0000025fc7277b90 code [0x0000025fc7277d00, 0x0000025fc7277db8]
Event: 4.372 Thread 0x0000025fd795a830 4111   !   4       org.codehaus.plexus.interpolation.ObjectBasedValueSource::getValue (66 bytes)
Event: 4.372 Thread 0x0000025fd795e510 nmethod 4112 0x0000025fbfdf7290 code [0x0000025fbfdf7520, 0x0000025fbfdf8588]
Event: 4.372 Thread 0x0000025fd795e510 4113       3       org.apache.maven.model.PatternSet::getExcludes (23 bytes)
Event: 4.372 Thread 0x0000025fd795e510 nmethod 4113 0x0000025fbfdf8a10 code [0x0000025fbfdf8be0, 0x0000025fbfdf8fd8]
Event: 4.372 Thread 0x0000025fd795e510 4114       3       org.apache.maven.model.management.DefaultDependencyManagementInjector$ManagementModelMerger::mergeDependency_Optional (1 bytes)
Event: 4.373 Thread 0x0000025fd795e510 nmethod 4114 0x0000025fbfdf9110 code [0x0000025fbfdf92a0, 0x0000025fbfdf93b8]
Event: 4.373 Thread 0x0000025fd795e510 4115       3       org.apache.maven.model.management.DefaultDependencyManagementInjector$ManagementModelMerger::mergeDependency_Exclusions (70 bytes)
Event: 4.373 Thread 0x0000025fd795e510 nmethod 4115 0x0000025fbfdf9490 code [0x0000025fbfdf9760, 0x0000025fbfdfa958]
Event: 4.379 Thread 0x0000025fd795e510 4117       3       java.lang.Exception::<init> (6 bytes)
Event: 4.379 Thread 0x0000025fd795e510 nmethod 4117 0x0000025fbfdfaf10 code [0x0000025fbfdfb0e0, 0x0000025fbfdfb528]
Event: 4.380 Thread 0x0000025fd795e510 4119       1       org.apache.maven.model.Profile::getBuild (5 bytes)
Event: 4.380 Thread 0x0000025fd795e510 nmethod 4119 0x0000025fc7277e90 code [0x0000025fc7278020, 0x0000025fc72780f8]
Event: 4.381 Thread 0x0000025fd795e510 4120       3       org.apache.maven.model.interpolation.StringVisitorModelInterpolator$ModelVisitor::visit (210 bytes)

GC Heap History (6 events):
Event: 0.650 GC heap before
{Heap before GC invocations=0 (full 0):
 garbage-first heap   total 178176K, used 10240K [0x0000000752200000, 0x0000000800000000)
  region size 2048K, 6 young (12288K), 0 survivors (0K)
 Metaspace       used 3483K, committed 3584K, reserved 1114112K
  class space    used 362K, committed 384K, reserved 1048576K
}
Event: 0.652 GC heap after
{Heap after GC invocations=1 (full 0):
 garbage-first heap   total 178176K, used 3224K [0x0000000752200000, 0x0000000800000000)
  region size 2048K, 1 young (2048K), 1 survivors (2048K)
 Metaspace       used 3483K, committed 3584K, reserved 1114112K
  class space    used 362K, committed 384K, reserved 1048576K
}
Event: 0.909 GC heap before
{Heap before GC invocations=1 (full 0):
 garbage-first heap   total 178176K, used 13464K [0x0000000752200000, 0x0000000800000000)
  region size 2048K, 6 young (12288K), 1 survivors (2048K)
 Metaspace       used 5480K, committed 5632K, reserved 1114112K
  class space    used 654K, committed 768K, reserved 1048576K
}
Event: 0.912 GC heap after
{Heap after GC invocations=2 (full 0):
 garbage-first heap   total 178176K, used 3926K [0x0000000752200000, 0x0000000800000000)
  region size 2048K, 1 young (2048K), 1 survivors (2048K)
 Metaspace       used 5480K, committed 5632K, reserved 1114112K
  class space    used 654K, committed 768K, reserved 1048576K
}
Event: 1.606 GC heap before
{Heap before GC invocations=2 (full 0):
 garbage-first heap   total 178176K, used 30550K [0x0000000752200000, 0x0000000800000000)
  region size 2048K, 14 young (28672K), 1 survivors (2048K)
 Metaspace       used 9372K, committed 9536K, reserved 1114112K
  class space    used 1134K, committed 1216K, reserved 1048576K
}
Event: 1.609 GC heap after
{Heap after GC invocations=3 (full 0):
 garbage-first heap   total 178176K, used 5135K [0x0000000752200000, 0x0000000800000000)
  region size 2048K, 1 young (2048K), 1 survivors (2048K)
 Metaspace       used 9372K, committed 9536K, reserved 1114112K
  class space    used 1134K, committed 1216K, reserved 1048576K
}

Deoptimization events (20 events):
Event: 4.051 Thread 0x0000025fb7ce3000 DEOPT PACKING pc=0x0000025fc725b9c0 sp=0x000000c9fc1fbfe0
Event: 4.051 Thread 0x0000025fb7ce3000 DEOPT UNPACKING pc=0x0000025fc6b323a3 sp=0x000000c9fc1fbfb0 mode 2
Event: 4.051 Thread 0x0000025fb7ce3000 Uncommon trap: trap_request=0xffffffbe fr.pc=0x0000025fc725b9c0 relative=0x00000000000010e0
Event: 4.051 Thread 0x0000025fb7ce3000 Uncommon trap: reason=profile_predicate action=maybe_recompile pc=0x0000025fc725b9c0 method=java.util.concurrent.ConcurrentHashMap.putAll(Ljava/util/Map;)V @ 28 c2
Event: 4.051 Thread 0x0000025fb7ce3000 DEOPT PACKING pc=0x0000025fc725b9c0 sp=0x000000c9fc1fbe60
Event: 4.051 Thread 0x0000025fb7ce3000 DEOPT UNPACKING pc=0x0000025fc6b323a3 sp=0x000000c9fc1fbe30 mode 2
Event: 4.228 Thread 0x0000025fb7ce3000 Uncommon trap: trap_request=0xffffffde fr.pc=0x0000025fc70baa18 relative=0x0000000000000ef8
Event: 4.228 Thread 0x0000025fb7ce3000 Uncommon trap: reason=class_check action=maybe_recompile pc=0x0000025fc70baa18 method=java.util.concurrent.ConcurrentHashMap.putVal(Ljava/lang/Object;Ljava/lang/Object;Z)Ljava/lang/Object; @ 242 c2
Event: 4.228 Thread 0x0000025fb7ce3000 DEOPT PACKING pc=0x0000025fc70baa18 sp=0x000000c9fc1fc920
Event: 4.228 Thread 0x0000025fb7ce3000 DEOPT UNPACKING pc=0x0000025fc6b323a3 sp=0x000000c9fc1fc890 mode 2
Event: 4.251 Thread 0x0000025fb7ce3000 DEOPT PACKING pc=0x0000025fbf706c09 sp=0x000000c9fc1fbd50
Event: 4.251 Thread 0x0000025fb7ce3000 DEOPT UNPACKING pc=0x0000025fc6b32b43 sp=0x000000c9fc1fb230 mode 0
Event: 4.275 Thread 0x0000025fb7ce3000 Uncommon trap: trap_request=0xffffff76 fr.pc=0x0000025fc70e092c relative=0x000000000000028c
Event: 4.275 Thread 0x0000025fb7ce3000 Uncommon trap: reason=predicate action=maybe_recompile pc=0x0000025fc70e092c method=java.nio.charset.CharsetDecoder.decode(Ljava/nio/ByteBuffer;Ljava/nio/CharBuffer;Z)Ljava/nio/charset/CoderResult; @ 54 c2
Event: 4.275 Thread 0x0000025fb7ce3000 DEOPT PACKING pc=0x0000025fc70e092c sp=0x000000c9fc1fbad0
Event: 4.275 Thread 0x0000025fb7ce3000 DEOPT UNPACKING pc=0x0000025fc6b323a3 sp=0x000000c9fc1fba70 mode 2
Event: 4.355 Thread 0x0000025fb7ce3000 Uncommon trap: trap_request=0xffffff45 fr.pc=0x0000025fc72761cc relative=0x000000000000054c
Event: 4.355 Thread 0x0000025fb7ce3000 Uncommon trap: reason=unstable_if action=reinterpret pc=0x0000025fc72761cc method=org.apache.maven.model.merge.ModelMerger.merge(Ljava/util/List;Ljava/util/List;Lorg/apache/maven/model/merge/ModelMerger$KeyComputer;Lorg/apache/maven/model/merge/ModelMerge
Event: 4.355 Thread 0x0000025fb7ce3000 DEOPT PACKING pc=0x0000025fc72761cc sp=0x000000c9fc1fbe00
Event: 4.355 Thread 0x0000025fb7ce3000 DEOPT UNPACKING pc=0x0000025fc6b323a3 sp=0x000000c9fc1fbd70 mode 2

Classes unloaded (0 events):
No events

Classes redefined (0 events):
No events

Internal exceptions (20 events):
Event: 0.707 Thread 0x0000025fb7ce3000 Exception <a 'java/lang/NoSuchMethodError'{0x000000075cfa4d28}: 'java.lang.Object java.lang.invoke.DirectMethodHandle$Holder.invokeInterface(java.lang.Object, java.lang.Object)'> (0x000000075cfa4d28) 
thrown [s\open\src\hotspot\share\interpreter\linkResolver.cpp, line 759]
Event: 0.728 Thread 0x0000025fb7ce3000 Exception <a 'java/lang/NoSuchMethodError'{0x000000075cc486d0}: 'java.lang.Object java.lang.invoke.Invokers$Holder.invokeExact_MT(java.lang.Object, java.lang.Object, java.lang.Object, java.lang.Object, java.lang.Object, java.lang.Object)'> (0x000000075cc486d0) 
thrown [s\open\src\hotspot\share\interpreter\linkResolver.cpp, line 759]
Event: 0.731 Thread 0x0000025fb7ce3000 Exception <a 'java/lang/NoSuchMethodError'{0x000000075cc59bc0}: 'int java.lang.invoke.DirectMethodHandle$Holder.invokeSpecialIFC(java.lang.Object, java.lang.Object, java.lang.Object, java.lang.Object, java.lang.Object)'> (0x000000075cc59bc0) 
thrown [s\open\src\hotspot\share\interpreter\linkResolver.cpp, line 759]
Event: 0.789 Thread 0x0000025fb7ce3000 Exception <a 'java/lang/NoSuchMethodError'{0x000000075cdeffe8}: 'java.lang.Object java.lang.invoke.DirectMethodHandle$Holder.newInvokeSpecial(java.lang.Object, java.lang.Object, java.lang.Object, java.lang.Object, java.lang.Object)'> (0x000000075cdeffe8) 
thrown [s\open\src\hotspot\share\interpreter\linkResolver.cpp, line 759]
Event: 0.827 Thread 0x0000025fb7ce3000 Exception <a 'java/lang/NoSuchMethodError'{0x000000075caee2c0}: 'int java.lang.invoke.DirectMethodHandle$Holder.invokeStaticInit(java.lang.Object, java.lang.Object)'> (0x000000075caee2c0) 
thrown [s\open\src\hotspot\share\interpreter\linkResolver.cpp, line 759]
Event: 0.837 Thread 0x0000025fb7ce3000 Exception <a 'java/lang/NoClassDefFoundError'{0x000000075cb25058}: javax/enterprise/inject/Typed> (0x000000075cb25058) 
thrown [s\open\src\hotspot\share\classfile\systemDictionary.cpp, line 245]
Event: 1.742 Thread 0x0000025fb7ce3000 Exception <a 'java/lang/NoSuchMethodError'{0x000000075ca51488}: 'void java.lang.invoke.DirectMethodHandle$Holder.invokeStaticInit(java.lang.Object, java.lang.Object, java.lang.Object)'> (0x000000075ca51488) 
thrown [s\open\src\hotspot\share\interpreter\linkResolver.cpp, line 759]
Event: 1.750 Thread 0x0000025fb7ce3000 Exception <a 'java/lang/ExceptionInInitializerError'{0x000000075ca7bc30}> (0x000000075ca7bc30) 
thrown [s\open\src\hotspot\share\oops\instanceKlass.cpp, line 1216]
Event: 1.781 Thread 0x0000025fb7ce3000 Implicit null exception at 0x0000025fc70f532f to 0x0000025fc70f5490
Event: 1.783 Thread 0x0000025fb7ce3000 Exception <a 'java/lang/NoSuchMethodError'{0x000000075cb853a8}: 'java.lang.Object java.lang.invoke.Invokers$Holder.invokeExact_MT(java.lang.Object, int, java.lang.Object)'> (0x000000075cb853a8) 
thrown [s\open\src\hotspot\share\interpreter\linkResolver.cpp, line 759]
Event: 1.799 Thread 0x0000025fb7ce3000 Exception <a 'java/lang/NoSuchMethodError'{0x000000075cbf9808}: 'void java.lang.invoke.DirectMethodHandle$Holder.invokeStatic(java.lang.Object, java.lang.Object)'> (0x000000075cbf9808) 
thrown [s\open\src\hotspot\share\interpreter\linkResolver.cpp, line 759]
Event: 1.801 Thread 0x0000025fb7ce3000 Exception <a 'java/lang/NoSuchMethodError'{0x000000075c809498}: 'int java.lang.invoke.DirectMethodHandle$Holder.invokeSpecial(java.lang.Object, java.lang.Object, java.lang.Object, java.lang.Object)'> (0x000000075c809498) 
thrown [s\open\src\hotspot\share\interpreter\linkResolver.cpp, line 759]
Event: 2.211 Thread 0x0000025fb7ce3000 Exception <a 'java/lang/NoClassDefFoundError'{0x000000075c05ed68}: com/google/inject/servlet/ServletModuleTargetVisitor> (0x000000075c05ed68) 
thrown [s\open\src\hotspot\share\classfile\systemDictionary.cpp, line 245]
Event: 2.290 Thread 0x0000025fb7ce3000 Exception <a 'java/lang/NoSuchMethodError'{0x000000075c1e81f0}: 'void java.lang.invoke.DirectMethodHandle$Holder.invokeVirtual(java.lang.Object, java.lang.Object)'> (0x000000075c1e81f0) 
thrown [s\open\src\hotspot\share\interpreter\linkResolver.cpp, line 759]
Event: 2.316 Thread 0x0000025fb7ce3000 Exception <a 'java/lang/NoSuchMethodError'{0x000000075be614b8}: 'java.lang.Object java.lang.invoke.DirectMethodHandle$Holder.invokeStaticInit(java.lang.Object, int, int, int, int)'> (0x000000075be614b8) 
thrown [s\open\src\hotspot\share\interpreter\linkResolver.cpp, line 759]
Event: 2.486 Thread 0x0000025fb7ce3000 Implicit null exception at 0x0000025fc70a45f2 to 0x0000025fc70a4bcc
Event: 2.486 Thread 0x0000025fb7ce3000 Implicit null exception at 0x0000025fc70b4472 to 0x0000025fc70b4a60
Event: 3.416 Thread 0x0000025fb7ce3000 Implicit null exception at 0x0000025fc7182420 to 0x0000025fc7183ac8
Event: 3.416 Thread 0x0000025fb7ce3000 Implicit null exception at 0x0000025fc712a16d to 0x0000025fc712a358
Event: 3.416 Thread 0x0000025fb7ce3000 Implicit null exception at 0x0000025fc70bf7d8 to 0x0000025fc70bf86e

VM Operations (20 events):
Event: 2.338 Executing VM operation: HandshakeAllThreads
Event: 2.339 Executing VM operation: HandshakeAllThreads done
Event: 2.441 Executing VM operation: HandshakeAllThreads
Event: 2.441 Executing VM operation: HandshakeAllThreads done
Event: 2.442 Executing VM operation: HandshakeAllThreads
Event: 2.442 Executing VM operation: HandshakeAllThreads done
Event: 2.512 Executing VM operation: HandshakeAllThreads
Event: 2.512 Executing VM operation: HandshakeAllThreads done
Event: 2.512 Executing VM operation: HandshakeAllThreads
Event: 2.512 Executing VM operation: HandshakeAllThreads done
Event: 2.600 Executing VM operation: ICBufferFull
Event: 2.601 Executing VM operation: ICBufferFull done
Event: 3.135 Executing VM operation: HandshakeAllThreads
Event: 3.135 Executing VM operation: HandshakeAllThreads done
Event: 3.137 Executing VM operation: ICBufferFull
Event: 3.137 Executing VM operation: ICBufferFull done
Event: 3.520 Executing VM operation: ICBufferFull
Event: 3.521 Executing VM operation: ICBufferFull done
Event: 4.071 Executing VM operation: ICBufferFull
Event: 4.072 Executing VM operation: ICBufferFull done

Events (20 events):
Event: 2.723 loading class java/lang/Short$ShortCache
Event: 2.723 loading class java/lang/Short$ShortCache done
Event: 2.723 loading class java/lang/Byte$ByteCache
Event: 2.723 loading class java/lang/Byte$ByteCache done
Event: 3.266 loading class java/lang/invoke/MethodHandle$1
Event: 3.266 loading class java/lang/invoke/MethodHandle$1 done
Event: 3.312 loading class java/util/stream/MatchOps$MatchKind
Event: 3.312 loading class java/util/stream/MatchOps$MatchKind done
Event: 3.312 loading class java/util/stream/MatchOps
Event: 3.313 loading class java/util/stream/MatchOps done
Event: 3.313 loading class java/util/stream/MatchOps$MatchOp
Event: 3.313 loading class java/util/stream/MatchOps$MatchOp done
Event: 3.313 loading class java/util/stream/MatchOps$BooleanTerminalSink
Event: 3.313 loading class java/util/stream/MatchOps$BooleanTerminalSink done
Event: 3.314 loading class java/util/stream/MatchOps$1MatchSink
Event: 3.314 loading class java/util/stream/MatchOps$1MatchSink done
Event: 3.375 loading class java/util/LinkedList$LLSpliterator
Event: 3.376 loading class java/util/LinkedList$LLSpliterator done
Event: 4.274 loading class sun/nio/cs/ISO_8859_1$Decoder
Event: 4.275 loading class sun/nio/cs/ISO_8859_1$Decoder done


Dynamic libraries:
0x00007ff6054d0000 - 0x00007ff6054e0000 	C:\Program Files\Java\jdk-17\bin\java.exe
0x00007ff963b80000 - 0x00007ff963de3000 	C:\WINDOWS\SYSTEM32\ntdll.dll
0x00007ff9624e0000 - 0x00007ff9625a7000 	C:\WINDOWS\System32\KERNEL32.DLL
0x00007ff9613b0000 - 0x00007ff961779000 	C:\WINDOWS\System32\KERNELBASE.dll
0x00007ff961260000 - 0x00007ff9613ac000 	C:\WINDOWS\System32\ucrtbase.dll
0x00007ff959470000 - 0x00007ff959489000 	C:\Program Files\Java\jdk-17\bin\jli.dll
0x00007ff959c40000 - 0x00007ff959c5b000 	C:\Program Files\Java\jdk-17\bin\VCRUNTIME140.dll
0x00007ff963330000 - 0x00007ff9633e2000 	C:\WINDOWS\System32\ADVAPI32.dll
0x00007ff9638a0000 - 0x00007ff963949000 	C:\WINDOWS\System32\msvcrt.dll
0x00007ff963960000 - 0x00007ff963a06000 	C:\WINDOWS\System32\sechost.dll
0x00007ff9619f0000 - 0x00007ff961b06000 	C:\WINDOWS\System32\RPCRT4.dll
0x00007ff961e50000 - 0x00007ff96201a000 	C:\WINDOWS\System32\USER32.dll
0x00007ff94d000000 - 0x00007ff94d290000 	C:\WINDOWS\WinSxS\amd64_microsoft.windows.common-controls_6595b64144ccf1df_6.0.26100.3323_none_3e088096e3344490\COMCTL32.dll
0x00007ff961810000 - 0x00007ff961837000 	C:\WINDOWS\System32\win32u.dll
0x00007ff962750000 - 0x00007ff96277a000 	C:\WINDOWS\System32\GDI32.dll
0x00007ff960fb0000 - 0x00007ff9610e1000 	C:\WINDOWS\System32\gdi32full.dll
0x00007ff960f00000 - 0x00007ff960fa3000 	C:\WINDOWS\System32\msvcp_win.dll
0x00007ff954c70000 - 0x00007ff954c7b000 	C:\WINDOWS\SYSTEM32\VERSION.dll
0x00007ff961e10000 - 0x00007ff961e3f000 	C:\WINDOWS\System32\IMM32.DLL
0x00007ff95a0f0000 - 0x00007ff95a0fc000 	C:\Program Files\Java\jdk-17\bin\vcruntime140_1.dll
0x00007ff939060000 - 0x00007ff9390ee000 	C:\Program Files\Java\jdk-17\bin\msvcp140.dll
0x00007ff9013e0000 - 0x00007ff901fc0000 	C:\Program Files\Java\jdk-17\bin\server\jvm.dll
0x00007ff9624d0000 - 0x00007ff9624d8000 	C:\WINDOWS\System32\PSAPI.DLL
0x00007ff954c30000 - 0x00007ff954c66000 	C:\WINDOWS\SYSTEM32\WINMM.dll
0x00007ff942170000 - 0x00007ff94217a000 	C:\WINDOWS\SYSTEM32\WSOCK32.dll
0x00007ff963550000 - 0x00007ff9635c4000 	C:\WINDOWS\System32\WS2_32.dll
0x00007ff95fba0000 - 0x00007ff95fbba000 	C:\WINDOWS\SYSTEM32\kernel.appcore.dll
0x00007ff959460000 - 0x00007ff95946a000 	C:\Program Files\Java\jdk-17\bin\jimage.dll
0x00007ff958220000 - 0x00007ff958461000 	C:\WINDOWS\SYSTEM32\DBGHELP.DLL
0x00007ff962140000 - 0x00007ff9624c2000 	C:\WINDOWS\System32\combase.dll
0x00007ff961b70000 - 0x00007ff961c46000 	C:\WINDOWS\System32\OLEAUT32.dll
0x00007ff94a020000 - 0x00007ff94a059000 	C:\WINDOWS\SYSTEM32\dbgcore.DLL
0x00007ff961840000 - 0x00007ff9618d9000 	C:\WINDOWS\System32\bcryptPrimitives.dll
0x00007ff959280000 - 0x00007ff9592a5000 	C:\Program Files\Java\jdk-17\bin\java.dll
0x00007ff9370e0000 - 0x00007ff9371b7000 	C:\Program Files\Java\jdk-17\bin\jsvml.dll
0x00007ff962780000 - 0x00007ff962e95000 	C:\WINDOWS\System32\SHELL32.dll
0x00007ff9610f0000 - 0x00007ff961258000 	C:\WINDOWS\System32\wintypes.dll
0x00007ff95ea60000 - 0x00007ff95f2a5000 	C:\WINDOWS\SYSTEM32\windows.storage.dll
0x00007ff9637b0000 - 0x00007ff96389b000 	C:\WINDOWS\System32\SHCORE.dll
0x00007ff961b10000 - 0x00007ff961b6d000 	C:\WINDOWS\System32\shlwapi.dll
0x00007ff960c90000 - 0x00007ff960cbf000 	C:\WINDOWS\SYSTEM32\profapi.dll
0x00007ff959440000 - 0x00007ff959459000 	C:\Program Files\Java\jdk-17\bin\net.dll
0x00007ff95a140000 - 0x00007ff95a25e000 	C:\WINDOWS\SYSTEM32\WINHTTP.dll
0x00007ff9600c0000 - 0x00007ff96012a000 	C:\WINDOWS\system32\mswsock.dll
0x00007ff959210000 - 0x00007ff959226000 	C:\Program Files\Java\jdk-17\bin\nio.dll
0x00007ff9591a0000 - 0x00007ff9591b8000 	C:\Program Files\Java\jdk-17\bin\zip.dll
0x0000000069ac0000 - 0x0000000069ae4000 	C:\apache-maven-3.9.4\lib\jansi-native\Windows\x86_64\jansi.dll
0x00007ff959420000 - 0x00007ff959430000 	C:\Program Files\Java\jdk-17\bin\verify.dll

dbghelp: loaded successfully - version: 4.0.5 - missing functions: none
symbol engine: initialized successfully - sym options: 0x614 - pdb path: .;C:\Program Files\Java\jdk-17\bin;C:\WINDOWS\SYSTEM32;C:\WINDOWS\WinSxS\amd64_microsoft.windows.common-controls_6595b64144ccf1df_6.0.26100.3323_none_3e088096e3344490;C:\Program Files\Java\jdk-17\bin\server;C:\apache-maven-3.9.4\lib\jansi-native\Windows\x86_64

VM Arguments:
jvm_args: -Dclassworlds.conf=C:\apache-maven-3.9.4\bin\m2.conf -Dmaven.home=C:\apache-maven-3.9.4 -Dlibrary.jansi.path=C:\apache-maven-3.9.4\lib\jansi-native -Dmaven.multiModuleProjectDirectory=D:\Kerja\Padepokan79\Microservices\Sistem Microservices Manajemen Stok Bengkel\smmsb_inventory_service 
java_command: org.codehaus.plexus.classworlds.launcher.Launcher spring-boot:run
java_class_path (initial): C:\apache-maven-3.9.4\boot\plexus-classworlds-2.7.0.jar
Launcher Type: SUN_STANDARD

[Global flags]
     intx CICompilerCount                          = 3                                         {product} {ergonomic}
     uint ConcGCThreads                            = 1                                         {product} {ergonomic}
     uint G1ConcRefinementThreads                  = 4                                         {product} {ergonomic}
   size_t G1HeapRegionSize                         = 2097152                                   {product} {ergonomic}
    uintx GCDrainStackTargetSize                   = 64                                        {product} {ergonomic}
   size_t InitialHeapSize                          = 182452224                                 {product} {ergonomic}
   size_t MarkStackSize                            = 4194304                                   {product} {ergonomic}
   size_t MaxHeapSize                              = 2917138432                                {product} {ergonomic}
   size_t MaxNewSize                               = 1749024768                                {product} {ergonomic}
   size_t MinHeapDeltaBytes                        = 2097152                                   {product} {ergonomic}
   size_t MinHeapSize                              = 8388608                                   {product} {ergonomic}
    uintx NonNMethodCodeHeapSize                   = 5832780                                {pd product} {ergonomic}
    uintx NonProfiledCodeHeapSize                  = 122912730                              {pd product} {ergonomic}
    uintx ProfiledCodeHeapSize                     = 122912730                              {pd product} {ergonomic}
    uintx ReservedCodeCacheSize                    = 251658240                              {pd product} {ergonomic}
     bool SegmentedCodeCache                       = true                                      {product} {ergonomic}
   size_t SoftMaxHeapSize                          = 2917138432                             {manageable} {ergonomic}
     bool UseCompressedClassPointers               = true                           {product lp64_product} {ergonomic}
     bool UseCompressedOops                        = true                           {product lp64_product} {ergonomic}
     bool UseG1GC                                  = true                                      {product} {ergonomic}
     bool UseLargePagesIndividualAllocation        = false                                  {pd product} {ergonomic}

Logging:
Log output configuration:
 #0: stdout all=warning uptime,level,tags
 #1: stderr all=off uptime,level,tags

Environment Variables:
JAVA_HOME=C:\Program Files\Java\jdk-17
PATH=C:\Program Files\Ruby33-x64\bin;C:\Program Files\Common Files\Oracle\Java\javapath;C:\Program Files (x86)\NVIDIA Corporation\PhysX\Common;C:\Program Files (x86)\Common Files\Intel\Shared Files\cpp\bin\Intel64;C:\Users\irawan\AppData\Local\Programs\Python\Python310\Scripts\;C:\Users\irawan\AppData\Local\Programs\Python\Python310\;C:\Program Files (x86)\Common Files\Oracle\Java\javapath;C:\Program Files\ImageMagick-7.1.0-Q16-HDRI;C:\21c\db\bin;C:\WINDOWS\system32;C:\WINDOWS;C:\WINDOWS\System32\Wbem;C:\WINDOWS\System32\WindowsPowerShell\v1.0\;C:\WINDOWS\System32\OpenSSH\;C:\composer;C:\Program Files\dotnet\;C:\flutterproject\sdkfluter\flutter\bin;C:\ProgramData\chocolatey\bin;C:\xampp7.4.32\php;C:\Users\irawan\AppData\Roaming\nvm;C:\Program Files\nodejs;C:\Program Files\Git\cmd;C:\MinGW\bin;C:\Program Files\PuTTY\;C:\Program Files\Java\jdk-17\bin;C:\Bootcamp\;C:\apache-maven-3.9.4\bin;C:\Program Files\Git\bin;C:\Program Files\Microsoft SQL Server\150\Tools\Binn\;C:\Program Files\Microsoft SQL Server\Client SDK\ODBC\170\Tools\Binn\;C:\Program Files\RabbitMQ Server;C:\Program Files (x86)\Microsoft SQL Server\160\Tools\Binn\;C:\Program Files\Microsoft SQL Server\160\Tools\Binn\;C:\Program Files\Microsoft SQL Server\160\DTS\Binn\;C:\Program Files (x86)\Microsoft SQL Server\160\DTS\Binn\;C:\Program Files\Go\bin;C:\Program Files\Docker\Docker\resources\bin;C:\Program Files\nodejs\;C:\Program Files\Java\jdk-17\bin;C:\Program Files\Ruby33-x64\bin;C:\Program Files\Common Files\Oracle\Java\javapath;C:\Program Files (x86)\NVIDIA Corporation\PhysX\Common;C:\Program Files (x86)\Common Files\Intel\Shared Files\cpp\bin\Intel64;C:\Users\irawan\AppData\Local\Programs\Python\Python310\Scripts\;C:\Users\irawan\AppData\Local\Programs\Python\Python310\;C:\Program Files (x86)\Common Files\Oracle\Java\javapath;C:\Program Files\ImageMagick-7.1.0-Q16-HDRI;C:\21c\db\bin;C:\WINDOWS\system32;C:\WINDOWS;C:\WINDOWS\System32\Wbem;C:\WINDOWS\System32\WindowsPowerShell\v1.0\;C:\WINDOWS\System32\Open
USERNAME=irawan
OS=Windows_NT
PROCESSOR_IDENTIFIER=AMD64 Family 23 Model 96 Stepping 1, AuthenticAMD



---------------  S Y S T E M  ---------------

OS:
 Windows 11 , 64 bit Build 26100 (10.0.26100.3323)
OS uptime: 10 days 14:59 hours
Hyper-V role detected

CPU: total 4 (initial active 4) (4 cores per cpu, 1 threads per core) family 23 model 96 stepping 1 microcode 0x8600106, cx8, cmov, fxsr, mmx, 3dnowpref, sse, sse2, sse3, ssse3, sse4a, sse4.1, sse4.2, popcnt, lzcnt, tsc, tscinvbit, avx, avx2, aes, clmul, bmi1, bmi2, adx, sha, fma, vzeroupper, clflush, clflushopt, hv

Memory: 4k page, system-wide physical 11127M (1490M free)
TotalPageFile size 45943M (AvailPageFile size 13M)
current process WorkingSet (physical memory assigned to process): 212M, peak: 213M
current process commit charge ("private bytes"): 304M, peak: 305M

vm_info: Java HotSpot(TM) 64-Bit Server VM (17.0.12+8-LTS-286) for windows-amd64 JRE (17.0.12+8-LTS-286), built on Jun  5 2024 06:46:59 by "mach5one" with MS VC++ 17.6 (VS2022)

END.
