#
# There is insufficient memory for the Java Runtime Environment to continue.
# Native memory allocation (mmap) failed to map 182452224 bytes for G1 virtual space
# Possible reasons:
#   The system is out of physical RAM or swap space
#   The process is running with CompressedOops enabled, and the Java Heap may be blocking the growth of the native heap
# Possible solutions:
#   Reduce memory load on the system
#   Increase physical memory or swap space
#   Check if swap backing store is full
#   Decrease Java heap size (-Xmx/-Xms)
#   Decrease number of Java threads
#   Decrease Java thread stack sizes (-Xss)
#   Set larger code cache with -XX:ReservedCodeCacheSize=
#   JVM is running with Zero Based Compressed Oops mode in which the Java heap is
#     placed in the first 32GB address space. The Java Heap base address is the
#     maximum limit for the native heap growth. Please use -XX:HeapBaseMinAddress
#     to set the Java Heap base and to place the Java Heap above 32GB virtual address.
# This output file may be truncated or incomplete.
#
#  Out of Memory Error (os_windows.cpp:3548), pid=37508, tid=31580
#
# JRE version:  (17.0.12+8) (build )
# Java VM: Java HotSpot(TM) 64-Bit Server VM (17.0.12+8-LTS-286, mixed mode, emulated-client, sharing, tiered, compressed oops, compressed class ptrs, g1 gc, windows-amd64)
# No core dump will be written. Minidumps are not enabled by default on client versions of Windows
#

---------------  S U M M A R Y ------------

Command Line: -XX:TieredStopAtLevel=1 com.microservices.smmsb_inventory_service.SmmsbInventoryServiceApplication

Host: AMD Ryzen 3 4300U with Radeon Graphics         , 4 cores, 10G,  Windows 11 , 64 bit Build 26100 (10.0.26100.3323)
Time: Thu Mar 20 09:48:22 2025 SE Asia Standard Time elapsed time: 0.206246 seconds (0d 0h 0m 0s)

---------------  T H R E A D  ---------------

Current thread (0x000002974d44c5f0):  JavaThread "Unknown thread" [_thread_in_vm, id=31580, stack(0x000000a316e00000,0x000000a316f00000)]

Stack: [0x000000a316e00000,0x000000a316f00000]
Native frames: (J=compiled Java code, j=interpreted, Vv=VM code, C=native code)
V  [jvm.dll+0x67a04a]
V  [jvm.dll+0x7da4ed]
V  [jvm.dll+0x7dbe33]
V  [jvm.dll+0x7dc4a3]
V  [jvm.dll+0x24508f]
V  [jvm.dll+0x677089]
V  [jvm.dll+0x66bd32]
V  [jvm.dll+0x301fa6]
V  [jvm.dll+0x309546]
V  [jvm.dll+0x359d2e]
V  [jvm.dll+0x359f5f]
V  [jvm.dll+0x2d9078]
V  [jvm.dll+0x2d9fe4]
V  [jvm.dll+0x7aca21]
V  [jvm.dll+0x367591]
V  [jvm.dll+0x78b999]
V  [jvm.dll+0x3ec83f]
V  [jvm.dll+0x3ee471]
C  [jli.dll+0x5297]
C  [ucrtbase.dll+0x37b0]
C  [KERNEL32.DLL+0x2e8d7]
C  [ntdll.dll+0xbbf6c]


---------------  P R O C E S S  ---------------

Threads class SMR info:
_java_thread_list=0x00007ff901e97a18, length=0, elements={
}

Java Threads: ( => current thread )

Other Threads:
  0x000002974d4a67c0 GCTaskThread "GC Thread#0" [stack: 0x000000a316f00000,0x000000a317000000] [id=28928]
  0x000002974d4b34f0 ConcurrentGCThread "G1 Main Marker" [stack: 0x000000a317000000,0x000000a317100000] [id=22580]
  0x000002974d4b4bd0 ConcurrentGCThread "G1 Conc#0" [stack: 0x000000a317100000,0x000000a317200000] [id=22076]

[error occurred during error reporting (printing all threads), id 0xc0000005, EXCEPTION_ACCESS_VIOLATION (0xc0000005) at pc=0x00007ff9016c9b67]

VM state: not at safepoint (not fully initialized)

VM Mutex/Monitor currently owned by a thread:  ([mutex/lock_event])
[0x000002974d447ea0] Heap_lock - owner thread: 0x000002974d44c5f0

Heap address: 0x0000000752200000, size: 2782 MB, Compressed Oops mode: Zero based, Oop shift amount: 3

CDS archive(s) mapped at: [0x0000000000000000-0x0000000000000000-0x0000000000000000), size 0, SharedBaseAddress: 0x0000000800000000, ArchiveRelocationMode: 1.
Narrow klass base: 0x0000000000000000, Narrow klass shift: 0, Narrow klass range: 0x0

GC Precious Log:
<Empty>

Heap:
 garbage-first heap   total 0K, used 0K [0x0000000752200000, 0x0000000800000000)
  region size 2048K, 0 young (0K), 0 survivors (0K)

[error occurred during error reporting (printing heap information), id 0xc0000005, EXCEPTION_ACCESS_VIOLATION (0xc0000005) at pc=0x00007ff901ab3859]

GC Heap History (0 events):
No events

Deoptimization events (0 events):
No events

Classes unloaded (0 events):
No events

Classes redefined (0 events):
No events

Internal exceptions (0 events):
No events

VM Operations (0 events):
No events

Events (1 events):
Event: 0.007 Loaded shared library C:\Program Files\Java\jdk-17\bin\java.dll


Dynamic libraries:
0x00007ff6054d0000 - 0x00007ff6054e0000 	C:\Program Files\Java\jdk-17\bin\java.exe
0x00007ff963b80000 - 0x00007ff963de3000 	C:\WINDOWS\SYSTEM32\ntdll.dll
0x00007ff9624e0000 - 0x00007ff9625a7000 	C:\WINDOWS\System32\KERNEL32.DLL
0x00007ff9613b0000 - 0x00007ff961779000 	C:\WINDOWS\System32\KERNELBASE.dll
0x00007ff961260000 - 0x00007ff9613ac000 	C:\WINDOWS\System32\ucrtbase.dll
0x00007ff959c40000 - 0x00007ff959c5b000 	C:\Program Files\Java\jdk-17\bin\VCRUNTIME140.dll
0x00007ff959470000 - 0x00007ff959489000 	C:\Program Files\Java\jdk-17\bin\jli.dll
0x00007ff963330000 - 0x00007ff9633e2000 	C:\WINDOWS\System32\ADVAPI32.dll
0x00007ff9638a0000 - 0x00007ff963949000 	C:\WINDOWS\System32\msvcrt.dll
0x00007ff963960000 - 0x00007ff963a06000 	C:\WINDOWS\System32\sechost.dll
0x00007ff9619f0000 - 0x00007ff961b06000 	C:\WINDOWS\System32\RPCRT4.dll
0x00007ff961e50000 - 0x00007ff96201a000 	C:\WINDOWS\System32\USER32.dll
0x00007ff961810000 - 0x00007ff961837000 	C:\WINDOWS\System32\win32u.dll
0x00007ff962750000 - 0x00007ff96277a000 	C:\WINDOWS\System32\GDI32.dll
0x00007ff960fb0000 - 0x00007ff9610e1000 	C:\WINDOWS\System32\gdi32full.dll
0x00007ff960f00000 - 0x00007ff960fa3000 	C:\WINDOWS\System32\msvcp_win.dll
0x00007ff94d000000 - 0x00007ff94d290000 	C:\WINDOWS\WinSxS\amd64_microsoft.windows.common-controls_6595b64144ccf1df_6.0.26100.3323_none_3e088096e3344490\COMCTL32.dll
0x00007ff954c70000 - 0x00007ff954c7b000 	C:\WINDOWS\SYSTEM32\VERSION.dll
0x00007ff961e10000 - 0x00007ff961e3f000 	C:\WINDOWS\System32\IMM32.DLL
0x00007ff95a0f0000 - 0x00007ff95a0fc000 	C:\Program Files\Java\jdk-17\bin\vcruntime140_1.dll
0x00007ff939060000 - 0x00007ff9390ee000 	C:\Program Files\Java\jdk-17\bin\msvcp140.dll
0x00007ff9013e0000 - 0x00007ff901fc0000 	C:\Program Files\Java\jdk-17\bin\server\jvm.dll
0x00007ff9624d0000 - 0x00007ff9624d8000 	C:\WINDOWS\System32\PSAPI.DLL
0x00007ff942170000 - 0x00007ff94217a000 	C:\WINDOWS\SYSTEM32\WSOCK32.dll
0x00007ff963550000 - 0x00007ff9635c4000 	C:\WINDOWS\System32\WS2_32.dll
0x00007ff954c30000 - 0x00007ff954c66000 	C:\WINDOWS\SYSTEM32\WINMM.dll
0x00007ff95fba0000 - 0x00007ff95fbba000 	C:\WINDOWS\SYSTEM32\kernel.appcore.dll
0x00007ff959460000 - 0x00007ff95946a000 	C:\Program Files\Java\jdk-17\bin\jimage.dll
0x00007ff958220000 - 0x00007ff958461000 	C:\WINDOWS\SYSTEM32\DBGHELP.DLL
0x00007ff962140000 - 0x00007ff9624c2000 	C:\WINDOWS\System32\combase.dll
0x00007ff961b70000 - 0x00007ff961c46000 	C:\WINDOWS\System32\OLEAUT32.dll
0x00007ff94a020000 - 0x00007ff94a059000 	C:\WINDOWS\SYSTEM32\dbgcore.DLL
0x00007ff961840000 - 0x00007ff9618d9000 	C:\WINDOWS\System32\bcryptPrimitives.dll
0x00007ff959280000 - 0x00007ff9592a5000 	C:\Program Files\Java\jdk-17\bin\java.dll

dbghelp: loaded successfully - version: 4.0.5 - missing functions: none
symbol engine: initialized successfully - sym options: 0x614 - pdb path: .;C:\Program Files\Java\jdk-17\bin;C:\WINDOWS\SYSTEM32;C:\WINDOWS\WinSxS\amd64_microsoft.windows.common-controls_6595b64144ccf1df_6.0.26100.3323_none_3e088096e3344490;C:\Program Files\Java\jdk-17\bin\server

VM Arguments:
jvm_args: -XX:TieredStopAtLevel=1 
java_command: com.microservices.smmsb_inventory_service.SmmsbInventoryServiceApplication
java_class_path (initial): D:\Kerja\Padepokan79\Microservices\Sistem Microservices Manajemen Stok Bengkel\smmsb_inventory_service\target\classes;C:\Users\irawan\.m2\repository\org\apache\logging\log4j\log4j-to-slf4j\2.24.3\log4j-to-slf4j-2.24.3.jar;C:\Users\irawan\.m2\repository\org\apache\logging\log4j\log4j-api\2.24.3\log4j-api-2.24.3.jar;C:\Users\irawan\.m2\repository\org\slf4j\jul-to-slf4j\2.0.16\jul-to-slf4j-2.0.16.jar;C:\Users\irawan\.m2\repository\jakarta\annotation\jakarta.annotation-api\2.1.1\jakarta.annotation-api-2.1.1.jar;C:\Users\irawan\.m2\repository\org\yaml\snakeyaml\2.3\snakeyaml-2.3.jar;C:\Users\irawan\.m2\repository\com\zaxxer\HikariCP\5.1.0\HikariCP-5.1.0.jar;C:\Users\irawan\.m2\repository\org\springframework\spring-jdbc\6.2.3\spring-jdbc-6.2.3.jar;C:\Users\irawan\.m2\repository\org\hibernate\orm\hibernate-core\6.6.8.Final\hibernate-core-6.6.8.Final.jar;C:\Users\irawan\.m2\repository\jakarta\persistence\jakarta.persistence-api\3.1.0\jakarta.persistence-api-3.1.0.jar;C:\Users\irawan\.m2\repository\jakarta\transaction\jakarta.transaction-api\2.0.1\jakarta.transaction-api-2.0.1.jar;C:\Users\irawan\.m2\repository\org\jboss\logging\jboss-logging\3.6.1.Final\jboss-logging-3.6.1.Final.jar;C:\Users\irawan\.m2\repository\org\hibernate\common\hibernate-commons-annotations\7.0.3.Final\hibernate-commons-annotations-7.0.3.Final.jar;C:\Users\irawan\.m2\repository\io\smallrye\jandex\3.2.0\jandex-3.2.0.jar;C:\Users\irawan\.m2\repository\com\fasterxml\classmate\1.7.0\classmate-1.7.0.jar;C:\Users\irawan\.m2\repository\net\bytebuddy\byte-buddy\1.15.11\byte-buddy-1.15.11.jar;C:\Users\irawan\.m2\repository\org\glassfish\jaxb\jaxb-runtime\4.0.5\jaxb-runtime-4.0.5.jar;C:\Users\irawan\.m2\repository\org\glassfish\jaxb\jaxb-core\4.0.5\jaxb-core-4.0.5.jar;C:\Users\irawan\.m2\repository\org\eclipse\angus\angus-activation\2.0.2\angus-activation-2.0.2.jar;C:\Users\irawan\.m2\repository\org\glassfish\jaxb\txw2\4.0.5\txw2-4.0.5.jar;C:\Users\irawan\.m2\repository\com\sun\ista
Launcher Type: SUN_STANDARD

[Global flags]
     intx CICompilerCount                          = 3                                         {product} {ergonomic}
     uint ConcGCThreads                            = 1                                         {product} {ergonomic}
     uint G1ConcRefinementThreads                  = 4                                         {product} {ergonomic}
   size_t G1HeapRegionSize                         = 2097152                                   {product} {ergonomic}
    uintx GCDrainStackTargetSize                   = 64                                        {product} {ergonomic}
   size_t InitialHeapSize                          = 182452224                                 {product} {ergonomic}
   size_t MarkStackSize                            = 4194304                                   {product} {ergonomic}
   size_t MaxHeapSize                              = 2917138432                                {product} {ergonomic}
   size_t MinHeapDeltaBytes                        = 2097152                                   {product} {ergonomic}
   size_t MinHeapSize                              = 8388608                                   {product} {ergonomic}
    uintx NonProfiledCodeHeapSize                  = 0                                      {pd product} {ergonomic}
     bool ProfileInterpreter                       = false                                  {pd product} {command line}
    uintx ProfiledCodeHeapSize                     = 0                                      {pd product} {ergonomic}
   size_t SoftMaxHeapSize                          = 2917138432                             {manageable} {ergonomic}
     intx TieredStopAtLevel                        = 1                                         {product} {command line}
     bool UseCompressedClassPointers               = true                           {product lp64_product} {ergonomic}
     bool UseCompressedOops                        = true                           {product lp64_product} {ergonomic}
     bool UseG1GC                                  = true                                      {product} {ergonomic}
     bool UseLargePagesIndividualAllocation        = false                                  {pd product} {ergonomic}

Logging:
Log output configuration:
 #0: stdout all=warning uptime,level,tags
 #1: stderr all=off uptime,level,tags

Environment Variables:
JAVA_HOME=C:\Program Files\Java\jdk-17
PATH=C:\Program Files\Ruby33-x64\bin;C:\Program Files\Common Files\Oracle\Java\javapath;C:\Program Files (x86)\NVIDIA Corporation\PhysX\Common;C:\Program Files (x86)\Common Files\Intel\Shared Files\cpp\bin\Intel64;C:\Users\irawan\AppData\Local\Programs\Python\Python310\Scripts\;C:\Users\irawan\AppData\Local\Programs\Python\Python310\;C:\Program Files (x86)\Common Files\Oracle\Java\javapath;C:\Program Files\ImageMagick-7.1.0-Q16-HDRI;C:\21c\db\bin;C:\WINDOWS\system32;C:\WINDOWS;C:\WINDOWS\System32\Wbem;C:\WINDOWS\System32\WindowsPowerShell\v1.0\;C:\WINDOWS\System32\OpenSSH\;C:\composer;C:\Program Files\dotnet\;C:\flutterproject\sdkfluter\flutter\bin;C:\ProgramData\chocolatey\bin;C:\xampp7.4.32\php;C:\Users\irawan\AppData\Roaming\nvm;C:\Program Files\nodejs;C:\Program Files\Git\cmd;C:\MinGW\bin;C:\Program Files\PuTTY\;C:\Program Files\Java\jdk-17\bin;C:\Bootcamp\;C:\apache-maven-3.9.4\bin;C:\Program Files\Git\bin;C:\Program Files\Microsoft SQL Server\150\Tools\Binn\;C:\Program Files\Microsoft SQL Server\Client SDK\ODBC\170\Tools\Binn\;C:\Program Files\RabbitMQ Server;C:\Program Files (x86)\Microsoft SQL Server\160\Tools\Binn\;C:\Program Files\Microsoft SQL Server\160\Tools\Binn\;C:\Program Files\Microsoft SQL Server\160\DTS\Binn\;C:\Program Files (x86)\Microsoft SQL Server\160\DTS\Binn\;C:\Program Files\Go\bin;C:\Program Files\Docker\Docker\resources\bin;C:\Program Files\nodejs\;C:\Program Files\Java\jdk-17\bin;C:\Program Files\Ruby33-x64\bin;C:\Program Files\Common Files\Oracle\Java\javapath;C:\Program Files (x86)\NVIDIA Corporation\PhysX\Common;C:\Program Files (x86)\Common Files\Intel\Shared Files\cpp\bin\Intel64;C:\Users\irawan\AppData\Local\Programs\Python\Python310\Scripts\;C:\Users\irawan\AppData\Local\Programs\Python\Python310\;C:\Program Files (x86)\Common Files\Oracle\Java\javapath;C:\Program Files\ImageMagick-7.1.0-Q16-HDRI;C:\21c\db\bin;C:\WINDOWS\system32;C:\WINDOWS;C:\WINDOWS\System32\Wbem;C:\WINDOWS\System32\WindowsPowerShell\v1.0\;C:\WINDOWS\System32\Open
USERNAME=irawan
OS=Windows_NT
PROCESSOR_IDENTIFIER=AMD64 Family 23 Model 96 Stepping 1, AuthenticAMD



---------------  S Y S T E M  ---------------

OS:
 Windows 11 , 64 bit Build 26100 (10.0.26100.3323)
OS uptime: 10 days 14:58 hours
Hyper-V role detected

CPU: total 4 (initial active 4) (4 cores per cpu, 1 threads per core) family 23 model 96 stepping 1 microcode 0x8600106, cx8, cmov, fxsr, mmx, 3dnowpref, sse, sse2, sse3, ssse3, sse4a, sse4.1, sse4.2, popcnt, lzcnt, tsc, tscinvbit, avx, avx2, aes, clmul, bmi1, bmi2, adx, sha, fma, vzeroupper, clflush, clflushopt, hv

Memory: 4k page, system-wide physical 11127M (801M free)
TotalPageFile size 45943M (AvailPageFile size 97M)
current process WorkingSet (physical memory assigned to process): 12M, peak: 12M
current process commit charge ("private bytes"): 47M, peak: 221M

vm_info: Java HotSpot(TM) 64-Bit Server VM (17.0.12+8-LTS-286) for windows-amd64 JRE (17.0.12+8-LTS-286), built on Jun  5 2024 06:46:59 by "mach5one" with MS VC++ 17.6 (VS2022)

END.
