#
# There is insufficient memory for the Java Runtime Environment to continue.
# Native memory allocation (malloc) failed to allocate 2097152 bytes for AllocateHeap
# Possible reasons:
#   The system is out of physical RAM or swap space
#   The process is running with CompressedOops enabled, and the Java Heap may be blocking the growth of the native heap
# Possible solutions:
#   Reduce memory load on the system
#   Increase physical memory or swap space
#   Check if swap backing store is full
#   Decrease Java heap size (-Xmx/-Xms)
#   Decrease number of Java threads
#   Decrease Java thread stack sizes (-Xss)
#   Set larger code cache with -XX:ReservedCodeCacheSize=
#   JVM is running with Zero Based Compressed Oops mode in which the Java heap is
#     placed in the first 32GB address space. The Java Heap base address is the
#     maximum limit for the native heap growth. Please use -XX:HeapBaseMinAddress
#     to set the Java Heap base and to place the Java Heap above 32GB virtual address.
# This output file may be truncated or incomplete.
#
#  Out of Memory Error (allocation.cpp:44), pid=35232, tid=15992
#
# JRE version: Java(TM) SE Runtime Environment (17.0.12+8) (build 17.0.12+8-LTS-286)
# Java VM: Java HotSpot(TM) 64-Bit Server VM (17.0.12+8-LTS-286, mixed mode, emulated-client, sharing, tiered, compressed oops, compressed class ptrs, g1 gc, windows-amd64)
# No core dump will be written. Minidumps are not enabled by default on client versions of Windows
#

---------------  S U M M A R Y ------------

Command Line: -XX:TieredStopAtLevel=1 com.microservices.smmsb_inventory_service.SmmsbInventoryServiceApplication

Host: AMD Ryzen 3 4300U with Radeon Graphics         , 4 cores, 10G,  Windows 11 , 64 bit Build 26100 (10.0.26100.3323)
Time: Thu Mar 20 15:25:41 2025 SE Asia Standard Time elapsed time: 110.857652 seconds (0d 0h 1m 50s)

---------------  T H R E A D  ---------------

Current thread (0x000001a2d296cfd0):  VMThread "VM Thread" [stack: 0x000000284b100000,0x000000284b200000] [id=15992]

Stack: [0x000000284b100000,0x000000284b200000]
Native frames: (J=compiled Java code, j=interpreted, Vv=VM code, C=native code)
V  [jvm.dll+0x67a04a]
V  [jvm.dll+0x7da4ed]
V  [jvm.dll+0x7dbe33]
V  [jvm.dll+0x7dc4a3]
V  [jvm.dll+0x24508f]
V  [jvm.dll+0xa5e2b]
V  [jvm.dll+0x2f3251]
V  [jvm.dll+0x2ef140]
V  [jvm.dll+0x2d78d7]
V  [jvm.dll+0x31a6f7]
V  [jvm.dll+0x7e0d9b]
V  [jvm.dll+0x7e1ad4]
V  [jvm.dll+0x7e1fed]
V  [jvm.dll+0x7e23c4]
V  [jvm.dll+0x7e2490]
V  [jvm.dll+0x78abea]
V  [jvm.dll+0x678f35]
C  [ucrtbase.dll+0x37b0]
C  [KERNEL32.DLL+0x2e8d7]
C  [ntdll.dll+0xbbf6c]

VM_Operation (0x000000284a9ff040): G1CollectFull, mode: safepoint, requested by thread 0x000001a31a3cfd90


---------------  P R O C E S S  ---------------

Threads class SMR info:
_java_thread_list=0x000001a31b888560, length=14, elements={
0x000001a2d2974da0, 0x000001a2d29764d0, 0x000001a2d298e6b0, 0x000001a2d298f070,
0x000001a2d29929b0, 0x000001a2d2994680, 0x000001a2d29950f0, 0x000001a2d29984e0,
0x000001a2d2c93710, 0x000001a2d2c99080, 0x000001a318f48e60, 0x000001a31a20e3e0,
0x000001a31a3ce950, 0x000001a31a3cfd90
}

Java Threads: ( => current thread )
  0x000001a2d2974da0 JavaThread "Reference Handler" daemon [_thread_blocked, id=22716, stack(0x000000284b200000,0x000000284b300000)]
  0x000001a2d29764d0 JavaThread "Finalizer" daemon [_thread_blocked, id=14348, stack(0x000000284b300000,0x000000284b400000)]
  0x000001a2d298e6b0 JavaThread "Signal Dispatcher" daemon [_thread_blocked, id=24124, stack(0x000000284b400000,0x000000284b500000)]
  0x000001a2d298f070 JavaThread "Attach Listener" daemon [_thread_blocked, id=13972, stack(0x000000284b500000,0x000000284b600000)]
  0x000001a2d29929b0 JavaThread "Service Thread" daemon [_thread_blocked, id=22620, stack(0x000000284b600000,0x000000284b700000)]
  0x000001a2d2994680 JavaThread "Monitor Deflation Thread" daemon [_thread_blocked, id=34556, stack(0x000000284b700000,0x000000284b800000)]
  0x000001a2d29950f0 JavaThread "C1 CompilerThread0" daemon [_thread_blocked, id=12268, stack(0x000000284b800000,0x000000284b900000)]
  0x000001a2d29984e0 JavaThread "Sweeper thread" daemon [_thread_blocked, id=30592, stack(0x000000284b900000,0x000000284ba00000)]
  0x000001a2d2c93710 JavaThread "Notification Thread" daemon [_thread_blocked, id=29996, stack(0x000000284bb00000,0x000000284bc00000)]
  0x000001a2d2c99080 JavaThread "Common-Cleaner" daemon [_thread_blocked, id=36992, stack(0x000000284bd00000,0x000000284be00000)]
  0x000001a318f48e60 JavaThread "PostgreSQL-JDBC-Cleaner" daemon [_thread_blocked, id=12828, stack(0x000000284c800000,0x000000284c900000)]
  0x000001a31a20e3e0 JavaThread "spectator-gauge-polling-0" daemon [_thread_blocked, id=18512, stack(0x000000284c100000,0x000000284c200000)]
  0x000001a31a3ce950 JavaThread "DestroyJavaVM" [_thread_blocked, id=1072, stack(0x000000284ab00000,0x000000284ac00000)]
  0x000001a31a3cfd90 JavaThread "Thread-1" [_thread_blocked, id=29616, stack(0x000000284a900000,0x000000284aa00000)]

Other Threads:
=>0x000001a2d296cfd0 VMThread "VM Thread" [stack: 0x000000284b100000,0x000000284b200000] [id=15992]
  0x000001a2d2c98420 WatcherThread [stack: 0x000000284bc00000,0x000000284bd00000] [id=12824]
  0x000001a2bef24f80 GCTaskThread "GC Thread#0" [stack: 0x000000284ac00000,0x000000284ad00000] [id=16468]
  0x000001a31802d900 GCTaskThread "GC Thread#1" [stack: 0x000000284be00000,0x000000284bf00000] [id=17164]
  0x000001a318184e10 GCTaskThread "GC Thread#2" [stack: 0x000000284bf00000,0x000000284c000000] [id=22980]
  0x000001a3181850d0 GCTaskThread "GC Thread#3" [stack: 0x000000284c000000,0x000000284c100000] [id=16720]
  0x000001a2bef31cb0 ConcurrentGCThread "G1 Main Marker" [stack: 0x000000284ad00000,0x000000284ae00000] [id=38884]
  0x000001a2bef326c0 ConcurrentGCThread "G1 Conc#0" [stack: 0x000000284ae00000,0x000000284af00000] [id=15180]
  0x000001a2d28300a0 ConcurrentGCThread "G1 Refine#0" [stack: 0x000000284af00000,0x000000284b000000] [id=32604]
  0x000001a2d28316b0 ConcurrentGCThread "G1 Service" [stack: 0x000000284b000000,0x000000284b100000] [id=25356]

Threads with active compile tasks:
C1 CompilerThread0   110907 7808  s    1       org.apache.catalina.util.LifecycleBase::setStateInternal (144 bytes)

VM state: at safepoint (normal execution)

VM Mutex/Monitor currently owned by a thread:  ([mutex/lock_event])
[0x000001a2beec74e0] Threads_lock - owner thread: 0x000001a2d296cfd0
[0x000001a2beec7720] Heap_lock - owner thread: 0x000001a31a3cfd90

Heap address: 0x0000000752200000, size: 2782 MB, Compressed Oops mode: Zero based, Oop shift amount: 3

CDS archive(s) mapped at: [0x000001a2d3000000-0x000001a2d3bd0000-0x000001a2d3bd0000), size 12386304, SharedBaseAddress: 0x000001a2d3000000, ArchiveRelocationMode: 1.
Compressed class space mapped at: 0x000001a2d4000000-0x000001a314000000, reserved size: 1073741824
Narrow klass base: 0x000001a2d3000000, Narrow klass shift: 0, Narrow klass range: 0x100000000

GC Precious Log:
 CPUs: 4 total, 4 available
 Memory: 11127M
 Large Page Support: Disabled
 NUMA Support: Disabled
 Compressed Oops: Enabled (Zero based)
 Heap Region Size: 2M
 Heap Min Capacity: 8M
 Heap Initial Capacity: 174M
 Heap Max Capacity: 2782M
 Pre-touch: Disabled
 Parallel Workers: 4
 Concurrent Workers: 1
 Concurrent Refinement Workers: 4
 Periodic GC: Disabled

Heap:
 garbage-first heap   total 116736K, used 57610K [0x0000000752200000, 0x0000000800000000)
  region size 2048K, 3 young (6144K), 2 survivors (4096K)
 Metaspace       used 96144K, committed 96896K, reserved 1179648K
  class space    used 13441K, committed 13760K, reserved 1048576K

Heap Regions: E=young(eden), S=young(survivor), O=old, HS=humongous(starts), HC=humongous(continues), CS=collection set, F=free, OA=open archive, CA=closed archive, TAMS=top-at-mark-start (previous, next)
|   0|0x0000000752200000, 0x0000000752400000, 0x0000000752400000|100%| O|  |TAMS 0x0000000752400000, 0x0000000752200000| Untracked 
|   1|0x0000000752400000, 0x0000000752600000, 0x0000000752600000|100%| O|  |TAMS 0x0000000752600000, 0x0000000752400000| Untracked 
|   2|0x0000000752600000, 0x0000000752800000, 0x0000000752800000|100%| O|  |TAMS 0x0000000752800000, 0x0000000752600000| Untracked 
|   3|0x0000000752800000, 0x0000000752a00000, 0x0000000752a00000|100%| O|  |TAMS 0x0000000752a00000, 0x0000000752800000| Untracked 
|   4|0x0000000752a00000, 0x0000000752c00000, 0x0000000752c00000|100%| O|  |TAMS 0x0000000752c00000, 0x0000000752a00000| Untracked 
|   5|0x0000000752c00000, 0x0000000752e00000, 0x0000000752e00000|100%| O|  |TAMS 0x0000000752e00000, 0x0000000752c00000| Complete 
|   6|0x0000000752e00000, 0x0000000753000000, 0x0000000753000000|100%| O|  |TAMS 0x0000000753000000, 0x0000000752e00000| Untracked 
|   7|0x0000000753000000, 0x00000007530ede00, 0x0000000753200000| 46%| O|  |TAMS 0x00000007530ede00, 0x0000000753000000| Complete 
|   8|0x0000000753200000, 0x0000000753400000, 0x0000000753400000|100%| O|  |TAMS 0x0000000753400000, 0x0000000753200000| Untracked 
|   9|0x0000000753400000, 0x0000000753600000, 0x0000000753600000|100%| O|  |TAMS 0x0000000753600000, 0x0000000753400000| Untracked 
|  10|0x0000000753600000, 0x0000000753800000, 0x0000000753800000|100%| O|  |TAMS 0x0000000753800000, 0x0000000753600000| Untracked 
|  11|0x0000000753800000, 0x0000000753a00000, 0x0000000753a00000|100%| O|  |TAMS 0x0000000753a00000, 0x0000000753800000| Untracked 
|  12|0x0000000753a00000, 0x0000000753c00000, 0x0000000753c00000|100%| O|  |TAMS 0x0000000753c00000, 0x0000000753a00000| Untracked 
|  13|0x0000000753c00000, 0x0000000753e00000, 0x0000000753e00000|100%| O|  |TAMS 0x0000000753e00000, 0x0000000753c00000| Untracked 
|  14|0x0000000753e00000, 0x0000000754000000, 0x0000000754000000|100%| O|  |TAMS 0x0000000754000000, 0x0000000753e00000| Untracked 
|  15|0x0000000754000000, 0x0000000754200000, 0x0000000754200000|100%| O|  |TAMS 0x0000000754200000, 0x0000000754000000| Untracked 
|  16|0x0000000754200000, 0x0000000754400000, 0x0000000754400000|100%| O|  |TAMS 0x0000000754400000, 0x0000000754200000| Untracked 
|  17|0x0000000754400000, 0x0000000754600000, 0x0000000754600000|100%| O|  |TAMS 0x0000000754600000, 0x0000000754400000| Untracked 
|  18|0x0000000754600000, 0x0000000754800000, 0x0000000754800000|100%| O|  |TAMS 0x0000000754800000, 0x0000000754600000| Untracked 
|  19|0x0000000754800000, 0x0000000754a00000, 0x0000000754a00000|100%| O|  |TAMS 0x0000000754a00000, 0x0000000754800000| Untracked 
|  20|0x0000000754a00000, 0x0000000754c00000, 0x0000000754c00000|100%| O|  |TAMS 0x0000000754c00000, 0x0000000754a00000| Untracked 
|  21|0x0000000754c00000, 0x0000000754e00000, 0x0000000754e00000|100%| O|  |TAMS 0x0000000754e00000, 0x0000000754c00000| Untracked 
|  22|0x0000000754e00000, 0x0000000755000000, 0x0000000755000000|100%| O|  |TAMS 0x0000000755000000, 0x0000000754e00000| Untracked 
|  23|0x0000000755000000, 0x0000000755200000, 0x0000000755200000|100%| O|  |TAMS 0x0000000755200000, 0x0000000755000000| Untracked 
|  24|0x0000000755200000, 0x0000000755400000, 0x0000000755400000|100%| O|  |TAMS 0x0000000755400000, 0x0000000755200000| Untracked 
|  25|0x0000000755400000, 0x0000000755600000, 0x0000000755600000|100%| O|  |TAMS 0x0000000755600000, 0x0000000755400000| Untracked 
|  26|0x0000000755600000, 0x0000000755800000, 0x0000000755800000|100%| O|  |TAMS 0x0000000755600000, 0x0000000755600000| Untracked 
|  27|0x0000000755800000, 0x0000000755800000, 0x0000000755a00000|  0%| F|  |TAMS 0x0000000755800000, 0x0000000755800000| Untracked 
|  28|0x0000000755a00000, 0x0000000755a00000, 0x0000000755c00000|  0%| F|  |TAMS 0x0000000755a00000, 0x0000000755a00000| Untracked 
|  29|0x0000000755c00000, 0x0000000755c00000, 0x0000000755e00000|  0%| F|  |TAMS 0x0000000755c00000, 0x0000000755c00000| Untracked 
|  30|0x0000000755e00000, 0x0000000755e00000, 0x0000000756000000|  0%| F|  |TAMS 0x0000000755e00000, 0x0000000755e00000| Untracked 
|  31|0x0000000756000000, 0x0000000756000000, 0x0000000756200000|  0%| F|  |TAMS 0x0000000756000000, 0x0000000756000000| Untracked 
|  32|0x0000000756200000, 0x0000000756200000, 0x0000000756400000|  0%| F|  |TAMS 0x0000000756200000, 0x0000000756200000| Untracked 
|  33|0x0000000756400000, 0x0000000756400000, 0x0000000756600000|  0%| F|  |TAMS 0x0000000756400000, 0x0000000756400000| Untracked 
|  34|0x0000000756600000, 0x0000000756600000, 0x0000000756800000|  0%| F|  |TAMS 0x0000000756600000, 0x0000000756600000| Untracked 
|  35|0x0000000756800000, 0x0000000756800000, 0x0000000756a00000|  0%| F|  |TAMS 0x0000000756800000, 0x0000000756800000| Untracked 
|  36|0x0000000756a00000, 0x0000000756a00000, 0x0000000756c00000|  0%| F|  |TAMS 0x0000000756a00000, 0x0000000756a00000| Untracked 
|  37|0x0000000756c00000, 0x0000000756d54c58, 0x0000000756e00000| 66%| S|CS|TAMS 0x0000000756c00000, 0x0000000756c00000| Complete 
|  38|0x0000000756e00000, 0x0000000757000000, 0x0000000757000000|100%| S|CS|TAMS 0x0000000756e00000, 0x0000000756e00000| Complete 
|  39|0x0000000757000000, 0x0000000757000000, 0x0000000757200000|  0%| F|  |TAMS 0x0000000757000000, 0x0000000757000000| Untracked 
|  40|0x0000000757200000, 0x0000000757200000, 0x0000000757400000|  0%| F|  |TAMS 0x0000000757200000, 0x0000000757200000| Untracked 
|  41|0x0000000757400000, 0x0000000757400000, 0x0000000757600000|  0%| F|  |TAMS 0x0000000757400000, 0x0000000757400000| Untracked 
|  42|0x0000000757600000, 0x0000000757600000, 0x0000000757800000|  0%| F|  |TAMS 0x0000000757600000, 0x0000000757600000| Untracked 
|  43|0x0000000757800000, 0x0000000757800000, 0x0000000757a00000|  0%| F|  |TAMS 0x0000000757800000, 0x0000000757800000| Untracked 
|  44|0x0000000757a00000, 0x0000000757a00000, 0x0000000757c00000|  0%| F|  |TAMS 0x0000000757a00000, 0x0000000757a00000| Untracked 
|  45|0x0000000757c00000, 0x0000000757c00000, 0x0000000757e00000|  0%| F|  |TAMS 0x0000000757c00000, 0x0000000757c00000| Untracked 
|  46|0x0000000757e00000, 0x0000000757e00000, 0x0000000758000000|  0%| F|  |TAMS 0x0000000757e00000, 0x0000000757e00000| Untracked 
|  47|0x0000000758000000, 0x0000000758000000, 0x0000000758200000|  0%| F|  |TAMS 0x0000000758000000, 0x0000000758000000| Untracked 
|  48|0x0000000758200000, 0x0000000758200000, 0x0000000758400000|  0%| F|  |TAMS 0x0000000758200000, 0x0000000758200000| Untracked 
|  49|0x0000000758400000, 0x0000000758400000, 0x0000000758600000|  0%| F|  |TAMS 0x0000000758400000, 0x0000000758400000| Untracked 
|  50|0x0000000758600000, 0x0000000758600000, 0x0000000758800000|  0%| F|  |TAMS 0x0000000758600000, 0x0000000758600000| Untracked 
|  63|0x000000075a000000, 0x000000075a000000, 0x000000075a200000|  0%| F|  |TAMS 0x000000075a000000, 0x000000075a000000| Untracked 
|  64|0x000000075a200000, 0x000000075a200000, 0x000000075a400000|  0%| F|  |TAMS 0x000000075a200000, 0x000000075a200000| Untracked 
|  65|0x000000075a400000, 0x000000075a400000, 0x000000075a600000|  0%| F|  |TAMS 0x000000075a400000, 0x000000075a400000| Untracked 
|  66|0x000000075a600000, 0x000000075a600000, 0x000000075a800000|  0%| F|  |TAMS 0x000000075a600000, 0x000000075a600000| Untracked 
|  67|0x000000075a800000, 0x000000075a800000, 0x000000075aa00000|  0%| F|  |TAMS 0x000000075a800000, 0x000000075a800000| Untracked 
|  86|0x000000075ce00000, 0x000000075ceecb98, 0x000000075d000000| 46%| E|  |TAMS 0x000000075ce00000, 0x000000075ce00000| Complete 

Card table byte_map: [0x000001a2ca1d0000,0x000001a2ca740000] _byte_map_base: 0x000001a2c673f000

Marking Bits (Prev, Next): (CMBitMap*) 0x000001a2bef265f0, (CMBitMap*) 0x000001a2bef265b0
 Prev Bits: [0x000001a2cd830000, 0x000001a2d03a8000)
 Next Bits: [0x000001a2cacb0000, 0x000001a2cd828000)

Polling page: 0x000001a2bd6a0000

Metaspace:

Usage:
  Non-class:     80.76 MB used.
      Class:     13.13 MB used.
       Both:     93.89 MB used.

Virtual space:
  Non-class space:      128.00 MB reserved,      81.19 MB ( 63%) committed,  2 nodes.
      Class space:        1.00 GB reserved,      13.44 MB (  1%) committed,  1 nodes.
             Both:        1.12 GB reserved,      94.62 MB (  8%) committed. 

Chunk freelists:
   Non-Class:  14.37 MB
       Class:  2.58 MB
        Both:  16.95 MB

MaxMetaspaceSize: unlimited
CompressedClassSpaceSize: 1.00 GB
Initial GC threshold: 21.00 MB
Current GC threshold: 152.00 MB
CDS: on
MetaspaceReclaimPolicy: balanced
 - commit_granule_bytes: 65536.
 - commit_granule_words: 8192.
 - virtual_space_node_default_size: 8388608.
 - enlarge_chunks_in_place: 1.
 - new_chunks_are_fully_committed: 0.
 - uncommit_free_chunks: 1.
 - use_allocation_guard: 0.
 - handle_deallocations: 1.


Internal statistics:

num_allocs_failed_limit: 12.
num_arena_births: 1006.
num_arena_deaths: 2.
num_vsnodes_births: 3.
num_vsnodes_deaths: 0.
num_space_committed: 1514.
num_space_uncommitted: 0.
num_chunks_returned_to_freelist: 15.
num_chunks_taken_from_freelist: 4577.
num_chunk_merges: 9.
num_chunk_splits: 3407.
num_chunks_enlarged: 2741.
num_inconsistent_stats: 0.

CodeCache: size=49152Kb used=13727Kb max_used=14352Kb free=35424Kb
 bounds [0x000001a2c67c0000, 0x000001a2c75f0000, 0x000001a2c97c0000]
 total_blobs=8644 nmethods=7807 adapters=763
 compilation: enabled
              stopped_count=0, restarted_count=0
 full_count=0

Compilation events (20 events):
Event: 110.805 Thread 0x000001a2d29950f0 nmethod 7798 0x000001a2c7508290 code [0x000001a2c7508420, 0x000001a2c75084f8]
Event: 110.817 Thread 0x000001a2d29950f0 7799       1       org.apache.hc.core5.util.ByteArrayBuffer::append (156 bytes)
Event: 110.818 Thread 0x000001a2d29950f0 nmethod 7799 0x000001a2c7507390 code [0x000001a2c7507600, 0x000001a2c7507e38]
Event: 110.821 Thread 0x000001a2d29950f0 7800       1       org.apache.hc.core5.util.CharArrayBuffer::append (158 bytes)
Event: 110.821 Thread 0x000001a2d29950f0 nmethod 7800 0x000001a2c7506590 code [0x000001a2c75067e0, 0x000001a2c7506fa8]
Event: 110.821 Thread 0x000001a2d29950f0 7801       1       org.apache.hc.core5.util.Tokenizer$$Lambda$2044/0x000001a2d4bf2200::test (17 bytes)
Event: 110.821 Thread 0x000001a2d29950f0 nmethod 7801 0x000001a2c7506290 code [0x000001a2c7506420, 0x000001a2c7506518]
Event: 110.821 Thread 0x000001a2d29950f0 7802       1       org.apache.hc.core5.util.Tokenizer::lambda$delimiters$3 (21 bytes)
Event: 110.821 Thread 0x000001a2d29950f0 nmethod 7802 0x000001a2c7505f90 code [0x000001a2c7506120, 0x000001a2c75061f8]
Event: 110.823 Thread 0x000001a2d29950f0 7803  s    1       java.lang.StringBuffer::length (5 bytes)
Event: 110.824 Thread 0x000001a2d29950f0 nmethod 7803 0x000001a2c7505c10 code [0x000001a2c7505da0, 0x000001a2c7505f18]
Event: 110.826 Thread 0x000001a2d29950f0 7804       1       org.apache.catalina.util.LifecycleBase::getState (5 bytes)
Event: 110.826 Thread 0x000001a2d29950f0 nmethod 7804 0x000001a2c7505910 code [0x000001a2c7505aa0, 0x000001a2c7505b78]
Event: 110.828 Thread 0x000001a2d29950f0 7805       1       org.apache.catalina.util.LifecycleBase::fireLifecycleEvent (56 bytes)
Event: 110.829 Thread 0x000001a2d29950f0 nmethod 7805 0x000001a2c7505290 code [0x000001a2c7505460, 0x000001a2c75057d8]
Event: 110.829 Thread 0x000001a2d29950f0 7806       1       org.apache.catalina.LifecycleEvent::<init> (16 bytes)
Event: 110.829 Thread 0x000001a2d29950f0 nmethod 7806 0x000001a2c7504d90 code [0x000001a2c7504f40, 0x000001a2c75051e8]
Event: 110.829 Thread 0x000001a2d29950f0 7807       1       org.apache.juli.logging.DirectJDKLog::isDebugEnabled (11 bytes)
Event: 110.829 Thread 0x000001a2d29950f0 nmethod 7807 0x000001a2c7504990 code [0x000001a2c7504b20, 0x000001a2c7504c38]
Event: 110.829 Thread 0x000001a2d29950f0 7808  s    1       org.apache.catalina.util.LifecycleBase::setStateInternal (144 bytes)

GC Heap History (20 events):
Event: 5.922 GC heap before
{Heap before GC invocations=10 (full 0):
 garbage-first heap   total 96256K, used 40063K [0x0000000752200000, 0x0000000800000000)
  region size 2048K, 5 young (10240K), 2 survivors (4096K)
 Metaspace       used 35671K, committed 36096K, reserved 1114112K
  class space    used 5108K, committed 5312K, reserved 1048576K
}
Event: 5.925 GC heap after
{Heap after GC invocations=11 (full 0):
 garbage-first heap   total 116736K, used 36732K [0x0000000752200000, 0x0000000800000000)
  region size 2048K, 1 young (2048K), 1 survivors (2048K)
 Metaspace       used 35671K, committed 36096K, reserved 1114112K
  class space    used 5108K, committed 5312K, reserved 1048576K
}
Event: 6.941 GC heap before
{Heap before GC invocations=12 (full 0):
 garbage-first heap   total 116736K, used 85884K [0x0000000752200000, 0x0000000800000000)
  region size 2048K, 25 young (51200K), 1 survivors (2048K)
 Metaspace       used 46322K, committed 46848K, reserved 1114112K
  class space    used 6687K, committed 6912K, reserved 1048576K
}
Event: 6.944 GC heap after
{Heap after GC invocations=13 (full 0):
 garbage-first heap   total 116736K, used 38926K [0x0000000752200000, 0x0000000800000000)
  region size 2048K, 2 young (4096K), 2 survivors (4096K)
 Metaspace       used 46322K, committed 46848K, reserved 1114112K
  class space    used 6687K, committed 6912K, reserved 1048576K
}
Event: 7.848 GC heap before
{Heap before GC invocations=13 (full 0):
 garbage-first heap   total 116736K, used 86030K [0x0000000752200000, 0x0000000800000000)
  region size 2048K, 26 young (53248K), 2 survivors (4096K)
 Metaspace       used 57868K, committed 58432K, reserved 1114112K
  class space    used 8497K, committed 8768K, reserved 1048576K
}
Event: 7.852 GC heap after
{Heap after GC invocations=14 (full 0):
 garbage-first heap   total 116736K, used 40918K [0x0000000752200000, 0x0000000800000000)
  region size 2048K, 3 young (6144K), 3 survivors (6144K)
 Metaspace       used 57868K, committed 58432K, reserved 1114112K
  class space    used 8497K, committed 8768K, reserved 1048576K
}
Event: 8.059 GC heap before
{Heap before GC invocations=14 (full 0):
 garbage-first heap   total 116736K, used 53206K [0x0000000752200000, 0x0000000800000000)
  region size 2048K, 10 young (20480K), 3 survivors (6144K)
 Metaspace       used 59892K, committed 60416K, reserved 1114112K
  class space    used 8739K, committed 9024K, reserved 1048576K
}
Event: 8.063 GC heap after
{Heap after GC invocations=15 (full 0):
 garbage-first heap   total 116736K, used 42233K [0x0000000752200000, 0x0000000800000000)
  region size 2048K, 2 young (4096K), 2 survivors (4096K)
 Metaspace       used 59892K, committed 60416K, reserved 1114112K
  class space    used 8739K, committed 9024K, reserved 1048576K
}
Event: 9.032 GC heap before
{Heap before GC invocations=16 (full 0):
 garbage-first heap   total 116736K, used 89337K [0x0000000752200000, 0x0000000800000000)
  region size 2048K, 26 young (53248K), 2 survivors (4096K)
 Metaspace       used 68165K, committed 68736K, reserved 1114112K
  class space    used 9774K, committed 10048K, reserved 1048576K
}
Event: 9.039 GC heap after
{Heap after GC invocations=17 (full 0):
 garbage-first heap   total 116736K, used 45753K [0x0000000752200000, 0x0000000800000000)
  region size 2048K, 4 young (8192K), 4 survivors (8192K)
 Metaspace       used 68165K, committed 68736K, reserved 1114112K
  class space    used 9774K, committed 10048K, reserved 1048576K
}
Event: 9.880 GC heap before
{Heap before GC invocations=18 (full 0):
 garbage-first heap   total 116736K, used 90809K [0x0000000752200000, 0x0000000800000000)
  region size 2048K, 26 young (53248K), 4 survivors (8192K)
 Metaspace       used 72612K, committed 73280K, reserved 1114112K
  class space    used 10437K, committed 10752K, reserved 1048576K
}
Event: 9.888 GC heap after
{Heap after GC invocations=19 (full 0):
 garbage-first heap   total 116736K, used 49016K [0x0000000752200000, 0x0000000800000000)
  region size 2048K, 4 young (8192K), 4 survivors (8192K)
 Metaspace       used 72612K, committed 73280K, reserved 1114112K
  class space    used 10437K, committed 10752K, reserved 1048576K
}
Event: 12.985 GC heap before
{Heap before GC invocations=19 (full 0):
 garbage-first heap   total 116736K, used 89976K [0x0000000752200000, 0x0000000800000000)
  region size 2048K, 24 young (49152K), 4 survivors (8192K)
 Metaspace       used 76684K, committed 77312K, reserved 1179648K
  class space    used 10981K, committed 11264K, reserved 1048576K
}
Event: 12.993 GC heap after
{Heap after GC invocations=20 (full 0):
 garbage-first heap   total 116736K, used 53000K [0x0000000752200000, 0x0000000800000000)
  region size 2048K, 2 young (4096K), 2 survivors (4096K)
 Metaspace       used 76684K, committed 77312K, reserved 1179648K
  class space    used 10981K, committed 11264K, reserved 1048576K
}
Event: 13.738 GC heap before
{Heap before GC invocations=20 (full 0):
 garbage-first heap   total 116736K, used 89864K [0x0000000752200000, 0x0000000800000000)
  region size 2048K, 21 young (43008K), 2 survivors (4096K)
 Metaspace       used 85681K, committed 86272K, reserved 1179648K
  class space    used 11988K, committed 12288K, reserved 1048576K
}
Event: 13.742 GC heap after
{Heap after GC invocations=21 (full 0):
 garbage-first heap   total 116736K, used 54599K [0x0000000752200000, 0x0000000800000000)
  region size 2048K, 2 young (4096K), 2 survivors (4096K)
 Metaspace       used 85681K, committed 86272K, reserved 1179648K
  class space    used 11988K, committed 12288K, reserved 1048576K
}
Event: 15.517 GC heap before
{Heap before GC invocations=21 (full 0):
 garbage-first heap   total 116736K, used 93511K [0x0000000752200000, 0x0000000800000000)
  region size 2048K, 21 young (43008K), 2 survivors (4096K)
 Metaspace       used 92465K, committed 93056K, reserved 1179648K
  class space    used 12887K, committed 13184K, reserved 1048576K
}
Event: 15.521 GC heap after
{Heap after GC invocations=22 (full 0):
 garbage-first heap   total 116736K, used 56631K [0x0000000752200000, 0x0000000800000000)
  region size 2048K, 3 young (6144K), 3 survivors (6144K)
 Metaspace       used 92465K, committed 93056K, reserved 1179648K
  class space    used 12887K, committed 13184K, reserved 1048576K
}
Event: 107.762 GC heap before
{Heap before GC invocations=23 (full 0):
 garbage-first heap   total 116736K, used 93495K [0x0000000752200000, 0x0000000800000000)
  region size 2048K, 21 young (43008K), 3 survivors (6144K)
 Metaspace       used 96085K, committed 96768K, reserved 1179648K
  class space    used 13429K, committed 13760K, reserved 1048576K
}
Event: 107.768 GC heap after
{Heap after GC invocations=24 (full 0):
 garbage-first heap   total 116736K, used 57610K [0x0000000752200000, 0x0000000800000000)
  region size 2048K, 2 young (4096K), 2 survivors (4096K)
 Metaspace       used 96085K, committed 96768K, reserved 1179648K
  class space    used 13429K, committed 13760K, reserved 1048576K
}

Deoptimization events (8 events):
Event: 5.899 Thread 0x000001a318f49370 DEOPT PACKING pc=0x000001a2c6c85a9f sp=0x000000284c5ff2e0
Event: 5.899 Thread 0x000001a318f49370 DEOPT UNPACKING pc=0x000001a2c6812b43 sp=0x000000284c5fe738 mode 3
Event: 5.899 Thread 0x000001a318f49d90 DEOPT PACKING pc=0x000001a2c6ce7219 sp=0x000000284c6ff2e0
Event: 5.899 Thread 0x000001a318f49d90 DEOPT UNPACKING pc=0x000001a2c6812b43 sp=0x000000284c6fe788 mode 3
Event: 13.329 Thread 0x000001a31a20fd30 DEOPT PACKING pc=0x000001a2c7184d9c sp=0x000000284c1fe7c0
Event: 13.330 Thread 0x000001a31a20fd30 DEOPT UNPACKING pc=0x000001a2c6812b43 sp=0x000000284c1fdc80 mode 0
Event: 13.975 Thread 0x000001a3189624f0 DEOPT PACKING pc=0x000001a2c734e62c sp=0x000000284c3fd020
Event: 13.975 Thread 0x000001a3189624f0 DEOPT UNPACKING pc=0x000001a2c6812b43 sp=0x000000284c3fc4c8 mode 0

Classes unloaded (1 events):
Event: 15.580 Thread 0x000001a2d296cfd0 Unloading class 0x000001a2d4990800 'jdk/internal/reflect/GeneratedSerializationConstructorAccessor1'

Classes redefined (0 events):
No events

Internal exceptions (20 events):
Event: 13.922 Thread 0x000001a3189624f0 Exception <a 'java/lang/NoSuchMethodError'{0x000000075a284430}: 'java.lang.Object java.lang.invoke.DirectMethodHandle$Holder.invokeStatic(java.lang.Object, int, int)'> (0x000000075a284430) 
thrown [s\open\src\hotspot\share\interpreter\linkResolver.cpp, line 759]
Event: 15.340 Thread 0x000001a3189624f0 Exception <a 'java/lang/NoSuchMethodError'{0x0000000757a790a0}: 'void java.lang.invoke.DirectMethodHandle$Holder.invokeStaticInit(java.lang.Object)'> (0x0000000757a790a0) 
thrown [s\open\src\hotspot\share\interpreter\linkResolver.cpp, line 759]
Event: 15.436 Thread 0x000001a31a3cf370 Exception <a 'java/lang/NoSuchMethodError'{0x000000075750dbd8}: 'java.lang.Object java.lang.invoke.DirectMethodHandle$Holder.invokeVirtual(java.lang.Object, java.lang.Object, int)'> (0x000000075750dbd8) 
thrown [s\open\src\hotspot\share\interpreter\linkResolver.cpp, line 759]
Event: 15.532 Thread 0x000001a31a3cd000 Exception <a 'java/lang/NoSuchMethodError'{0x000000075ce5f3f0}: 'void java.lang.invoke.DirectMethodHandle$Holder.invokeSpecialIFC(java.lang.Object, java.lang.Object, int, java.lang.Object, java.lang.Object, java.lang.Object, java.lang.Object)'> (0x000000075ce5f3f0) 
thrown [s\open\src\hotspot\share\interpreter\linkResolver.cpp, line 759]
Event: 15.615 Thread 0x000001a31a3cd000 Exception <a 'java/lang/IncompatibleClassChangeError'{0x000000075a8a6ae0}: Found class java.lang.Object, but interface was expected> (0x000000075a8a6ae0) 
thrown [s\open\src\hotspot\share\interpreter\linkResolver.cpp, line 826]
Event: 15.681 Thread 0x000001a31a3cd000 Exception <a 'java/lang/NoSuchMethodError'{0x000000075a781220}: 'double java.lang.invoke.DirectMethodHandle$Holder.invokeStatic(java.lang.Object, java.lang.Object, java.lang.Object, long)'> (0x000000075a781220) 
thrown [s\open\src\hotspot\share\interpreter\linkResolver.cpp, line 759]
Event: 15.686 Thread 0x000001a31a3cd000 Exception <a 'java/lang/NoSuchMethodError'{0x000000075a7ace78}: 'void java.lang.invoke.DirectMethodHandle$Holder.invokeSpecial(java.lang.Object, java.lang.Object, java.lang.Object, java.lang.Object, java.lang.Object, java.lang.Object, java.lang.Object, java.lang.Object, java.lang.Object)'> (0x000000075a7ace78) 
thrown [s\open\src\hotspot\share\interpreter\linkResolver.cpp, line 759]
Event: 15.728 Thread 0x000001a31a3cee60 Exception <a 'java/lang/IncompatibleClassChangeError'{0x000000075a53ba80}: Found class java.lang.Object, but interface was expected> (0x000000075a53ba80) 
thrown [s\open\src\hotspot\share\interpreter\linkResolver.cpp, line 826]
Event: 15.732 Thread 0x000001a31a3cee60 Exception <a 'java/lang/NoSuchMethodError'{0x000000075a575380}: 'java.lang.Object java.lang.invoke.DirectMethodHandle$Holder.newInvokeSpecial(java.lang.Object, java.lang.Object, java.lang.Object, long)'> (0x000000075a575380) 
thrown [s\open\src\hotspot\share\interpreter\linkResolver.cpp, line 759]
Event: 15.733 Thread 0x000001a31a3cee60 Exception <a 'java/lang/NoSuchMethodError'{0x000000075a5793d0}: 'java.lang.Object java.lang.invoke.DirectMethodHandle$Holder.invokeSpecial(java.lang.Object, java.lang.Object, java.lang.Object, java.lang.Object, long)'> (0x000000075a5793d0) 
thrown [s\open\src\hotspot\share\interpreter\linkResolver.cpp, line 759]
Event: 15.733 Thread 0x000001a31a3cee60 Exception <a 'java/lang/NoSuchMethodError'{0x000000075a57ccf8}: 'java.lang.Object java.lang.invoke.Invokers$Holder.linkToTargetMethod(java.lang.Object, java.lang.Object, long, java.lang.Object)'> (0x000000075a57ccf8) 
thrown [s\open\src\hotspot\share\interpreter\linkResolver.cpp, line 759]
Event: 15.742 Thread 0x000001a31a3cee60 Exception <a 'java/lang/NoSuchMethodError'{0x000000075a5f6f58}: 'java.lang.Object java.lang.invoke.DirectMethodHandle$Holder.newInvokeSpecial(java.lang.Object, java.lang.Object, java.lang.Object, java.lang.Object, int, long, java.lang.Object)'> (0x000000075a5f6f58) 
thrown [s\open\src\hotspot\share\interpreter\linkResolver.cpp, line 759]
Event: 15.957 Thread 0x000001a31a3cf370 Exception <a 'java/lang/NoSuchMethodError'{0x000000075a27e600}: 'java.lang.Object java.lang.invoke.DirectMethodHandle$Holder.newInvokeSpecial(java.lang.Object, int, java.lang.Object, java.lang.Object)'> (0x000000075a27e600) 
thrown [s\open\src\hotspot\share\interpreter\linkResolver.cpp, line 759]
Event: 60.641 Thread 0x000001a31a20c580 Exception <a 'java/lang/NoSuchMethodError'{0x0000000758091bb0}: 'java.lang.Object java.lang.invoke.DirectMethodHandle$Holder.invokeSpecial(java.lang.Object, java.lang.Object, java.lang.Object, java.lang.Object, java.lang.Object, long)'> (0x0000000758091bb0) 
thrown [s\open\src\hotspot\share\interpreter\linkResolver.cpp, line 759]
Event: 60.641 Thread 0x000001a31a20c580 Exception <a 'java/lang/NoSuchMethodError'{0x00000007580955f0}: 'java.lang.Object java.lang.invoke.Invokers$Holder.linkToTargetMethod(java.lang.Object, java.lang.Object, java.lang.Object, long, java.lang.Object)'> (0x00000007580955f0) 
thrown [s\open\src\hotspot\share\interpreter\linkResolver.cpp, line 759]
Event: 60.815 Thread 0x000001a31a20c580 Exception <a 'java/lang/IncompatibleClassChangeError'{0x0000000757a504e0}: Found class java.lang.Object, but interface was expected> (0x0000000757a504e0) 
thrown [s\open\src\hotspot\share\interpreter\linkResolver.cpp, line 826]
Event: 60.828 Thread 0x000001a31a20c580 Exception <a 'java/lang/reflect/InvocationTargetException'{0x0000000757aa37b0}> (0x0000000757aa37b0) 
thrown [s\open\src\hotspot\share\runtime\reflection.cpp, line 1121]
Event: 60.835 Thread 0x000001a31a20c580 Exception <a 'java/lang/reflect/InvocationTargetException'{0x0000000757ab7948}> (0x0000000757ab7948) 
thrown [s\open\src\hotspot\share\runtime\reflection.cpp, line 1121]
Event: 107.258 Thread 0x000001a31a3cf370 Exception <a 'java/lang/NoSuchMethodError'{0x00000007573bab00}: 'void java.lang.invoke.DirectMethodHandle$Holder.invokeVirtual(java.lang.Object, java.lang.Object, java.lang.Object, java.lang.Object, java.lang.Object)'> (0x00000007573bab00) 
thrown [s\open\src\hotspot\share\interpreter\linkResolver.cpp, line 759]
Event: 110.829 Thread 0x000001a318f48440 Exception <a 'java/lang/InterruptedException'{0x000000075cee8508}: sleep interrupted> (0x000000075cee8508) 
thrown [s\open\src\hotspot\share\prims\jvm.cpp, line 3064]

VM Operations (20 events):
Event: 83.049 Executing VM operation: Cleanup done
Event: 84.049 Executing VM operation: Cleanup
Event: 84.049 Executing VM operation: Cleanup done
Event: 85.056 Executing VM operation: Cleanup
Event: 85.056 Executing VM operation: Cleanup done
Event: 89.096 Executing VM operation: Cleanup
Event: 89.096 Executing VM operation: Cleanup done
Event: 104.210 Executing VM operation: Cleanup
Event: 104.210 Executing VM operation: Cleanup done
Event: 105.217 Executing VM operation: Cleanup
Event: 105.218 Executing VM operation: Cleanup done
Event: 106.227 Executing VM operation: Cleanup
Event: 106.227 Executing VM operation: Cleanup done
Event: 107.239 Executing VM operation: Cleanup
Event: 107.239 Executing VM operation: Cleanup done
Event: 107.762 Executing VM operation: G1CollectForAllocation
Event: 107.768 Executing VM operation: G1CollectForAllocation done
Event: 108.779 Executing VM operation: Cleanup
Event: 108.779 Executing VM operation: Cleanup done
Event: 110.829 Executing VM operation: G1CollectFull

Events (20 events):
Event: 107.752 Thread 0x000001a31a211170 Thread exited: 0x000001a31a211170
Event: 107.752 Thread 0x000001a31a20c580 Thread exited: 0x000001a31a20c580
Event: 107.752 Thread 0x000001a31a210240 Thread exited: 0x000001a31a210240
Event: 107.757 Thread 0x000001a31a3cee60 Thread exited: 0x000001a31a3cee60
Event: 107.775 loading class java/util/AbstractMap$2
Event: 107.776 loading class java/util/AbstractMap$2 done
Event: 107.779 loading class java/util/AbstractMap$2$1
Event: 107.779 loading class java/util/AbstractMap$2$1 done
Event: 107.788 Thread 0x000001a31a3cee60 Thread added: 0x000001a31a3cee60
Event: 107.788 Thread 0x000001a31a20f820 Thread exited: 0x000001a31a20f820
Event: 107.793 Thread 0x000001a31a3cee60 Thread exited: 0x000001a31a3cee60
Event: 110.802 Thread 0x000001a31a20fd30 Thread exited: 0x000001a31a20fd30
Event: 110.803 Thread 0x000001a31a3cda20 Thread exited: 0x000001a31a3cda20
Event: 110.803 Thread 0x000001a31a3cf880 Thread exited: 0x000001a31a3cf880
Event: 110.803 Thread 0x000001a31a20ca90 Thread exited: 0x000001a31a20ca90
Event: 110.803 Thread 0x000001a31a20cfa0 Thread exited: 0x000001a31a20cfa0
Event: 110.822 Thread 0x000001a31a20e8f0 Thread exited: 0x000001a31a20e8f0
Event: 110.829 Thread 0x000001a318f48440 Thread exited: 0x000001a318f48440
Event: 110.829 Thread 0x000001a318f49d90 Thread exited: 0x000001a318f49d90
Event: 110.829 Thread 0x000001a318f49370 Thread exited: 0x000001a318f49370


Dynamic libraries:
0x00007ff6054d0000 - 0x00007ff6054e0000 	C:\Program Files\Java\jdk-17\bin\java.exe
0x00007ff963b80000 - 0x00007ff963de3000 	C:\WINDOWS\SYSTEM32\ntdll.dll
0x00007ff9624e0000 - 0x00007ff9625a7000 	C:\WINDOWS\System32\KERNEL32.DLL
0x00007ff9613b0000 - 0x00007ff961779000 	C:\WINDOWS\System32\KERNELBASE.dll
0x00007ff961260000 - 0x00007ff9613ac000 	C:\WINDOWS\System32\ucrtbase.dll
0x00007ff959470000 - 0x00007ff959489000 	C:\Program Files\Java\jdk-17\bin\jli.dll
0x00007ff959c40000 - 0x00007ff959c5b000 	C:\Program Files\Java\jdk-17\bin\VCRUNTIME140.dll
0x00007ff963330000 - 0x00007ff9633e2000 	C:\WINDOWS\System32\ADVAPI32.dll
0x00007ff9638a0000 - 0x00007ff963949000 	C:\WINDOWS\System32\msvcrt.dll
0x00007ff963960000 - 0x00007ff963a06000 	C:\WINDOWS\System32\sechost.dll
0x00007ff9619f0000 - 0x00007ff961b06000 	C:\WINDOWS\System32\RPCRT4.dll
0x00007ff961e50000 - 0x00007ff96201a000 	C:\WINDOWS\System32\USER32.dll
0x00007ff961810000 - 0x00007ff961837000 	C:\WINDOWS\System32\win32u.dll
0x00007ff962750000 - 0x00007ff96277a000 	C:\WINDOWS\System32\GDI32.dll
0x00007ff960fb0000 - 0x00007ff9610e1000 	C:\WINDOWS\System32\gdi32full.dll
0x00007ff960f00000 - 0x00007ff960fa3000 	C:\WINDOWS\System32\msvcp_win.dll
0x00007ff94d000000 - 0x00007ff94d290000 	C:\WINDOWS\WinSxS\amd64_microsoft.windows.common-controls_6595b64144ccf1df_6.0.26100.3323_none_3e088096e3344490\COMCTL32.dll
0x00007ff954c70000 - 0x00007ff954c7b000 	C:\WINDOWS\SYSTEM32\VERSION.dll
0x00007ff961e10000 - 0x00007ff961e3f000 	C:\WINDOWS\System32\IMM32.DLL
0x00007ff95a0f0000 - 0x00007ff95a0fc000 	C:\Program Files\Java\jdk-17\bin\vcruntime140_1.dll
0x00007ff939060000 - 0x00007ff9390ee000 	C:\Program Files\Java\jdk-17\bin\msvcp140.dll
0x00007ff9013e0000 - 0x00007ff901fc0000 	C:\Program Files\Java\jdk-17\bin\server\jvm.dll
0x00007ff9624d0000 - 0x00007ff9624d8000 	C:\WINDOWS\System32\PSAPI.DLL
0x00007ff942170000 - 0x00007ff94217a000 	C:\WINDOWS\SYSTEM32\WSOCK32.dll
0x00007ff963550000 - 0x00007ff9635c4000 	C:\WINDOWS\System32\WS2_32.dll
0x00007ff954c30000 - 0x00007ff954c66000 	C:\WINDOWS\SYSTEM32\WINMM.dll
0x00007ff95fba0000 - 0x00007ff95fbba000 	C:\WINDOWS\SYSTEM32\kernel.appcore.dll
0x00007ff959460000 - 0x00007ff95946a000 	C:\Program Files\Java\jdk-17\bin\jimage.dll
0x00007ff958220000 - 0x00007ff958461000 	C:\WINDOWS\SYSTEM32\DBGHELP.DLL
0x00007ff962140000 - 0x00007ff9624c2000 	C:\WINDOWS\System32\combase.dll
0x00007ff961b70000 - 0x00007ff961c46000 	C:\WINDOWS\System32\OLEAUT32.dll
0x00007ff94a020000 - 0x00007ff94a059000 	C:\WINDOWS\SYSTEM32\dbgcore.DLL
0x00007ff961840000 - 0x00007ff9618d9000 	C:\WINDOWS\System32\bcryptPrimitives.dll
0x00007ff959280000 - 0x00007ff9592a5000 	C:\Program Files\Java\jdk-17\bin\java.dll
0x00007ff9370e0000 - 0x00007ff9371b7000 	C:\Program Files\Java\jdk-17\bin\jsvml.dll
0x00007ff962780000 - 0x00007ff962e95000 	C:\WINDOWS\System32\SHELL32.dll
0x00007ff9610f0000 - 0x00007ff961258000 	C:\WINDOWS\System32\wintypes.dll
0x00007ff95ea60000 - 0x00007ff95f2a5000 	C:\WINDOWS\SYSTEM32\windows.storage.dll
0x00007ff9637b0000 - 0x00007ff96389b000 	C:\WINDOWS\System32\SHCORE.dll
0x00007ff961b10000 - 0x00007ff961b6d000 	C:\WINDOWS\System32\shlwapi.dll
0x00007ff960c90000 - 0x00007ff960cbf000 	C:\WINDOWS\SYSTEM32\profapi.dll
0x00007ff959440000 - 0x00007ff959459000 	C:\Program Files\Java\jdk-17\bin\net.dll
0x00007ff95a140000 - 0x00007ff95a25e000 	C:\WINDOWS\SYSTEM32\WINHTTP.dll
0x00007ff9600c0000 - 0x00007ff96012a000 	C:\WINDOWS\system32\mswsock.dll
0x00007ff959210000 - 0x00007ff959226000 	C:\Program Files\Java\jdk-17\bin\nio.dll
0x00007ff9591a0000 - 0x00007ff9591b8000 	C:\Program Files\Java\jdk-17\bin\zip.dll
0x00007ff95a940000 - 0x00007ff95a94a000 	C:\Program Files\Java\jdk-17\bin\management.dll
0x00007ff959b80000 - 0x00007ff959b8b000 	C:\Program Files\Java\jdk-17\bin\management_ext.dll
0x00007ff95f5a0000 - 0x00007ff95f5d3000 	C:\WINDOWS\SYSTEM32\IPHLPAPI.DLL
0x00007ff963950000 - 0x00007ff96395a000 	C:\WINDOWS\System32\NSI.dll
0x00007ff95a490000 - 0x00007ff95a4af000 	C:\WINDOWS\SYSTEM32\dhcpcsvc6.DLL
0x00007ff959a00000 - 0x00007ff959a25000 	C:\WINDOWS\SYSTEM32\dhcpcsvc.DLL
0x00007ff95f630000 - 0x00007ff95f755000 	C:\WINDOWS\SYSTEM32\DNSAPI.dll
0x00007ff959b70000 - 0x00007ff959b7e000 	C:\Program Files\Java\jdk-17\bin\sunmscapi.dll
0x00007ff960d80000 - 0x00007ff960ef7000 	C:\WINDOWS\System32\CRYPT32.dll
0x00007ff960560000 - 0x00007ff960590000 	C:\WINDOWS\SYSTEM32\ncrypt.dll
0x00007ff960510000 - 0x00007ff96054f000 	C:\WINDOWS\SYSTEM32\NTASN1.dll
0x00007ff959420000 - 0x00007ff959430000 	C:\Program Files\Java\jdk-17\bin\verify.dll
0x00007ff960370000 - 0x00007ff96038c000 	C:\WINDOWS\SYSTEM32\CRYPTSP.dll
0x00007ff95fb00000 - 0x00007ff95fb3a000 	C:\WINDOWS\system32\rsaenh.dll
0x00007ff960160000 - 0x00007ff96018b000 	C:\WINDOWS\SYSTEM32\USERENV.dll
0x00007ff9605a0000 - 0x00007ff9605c6000 	C:\WINDOWS\SYSTEM32\bcrypt.dll
0x00007ff960360000 - 0x00007ff96036c000 	C:\WINDOWS\SYSTEM32\CRYPTBASE.dll
0x00007ff95a480000 - 0x00007ff95a48b000 	C:\Windows\System32\rasadhlp.dll
0x00007ff9589f0000 - 0x00007ff958a75000 	C:\WINDOWS\System32\fwpuclnt.dll
0x00007ff93f630000 - 0x00007ff93f638000 	C:\WINDOWS\system32\wshunix.dll

dbghelp: loaded successfully - version: 4.0.5 - missing functions: none
symbol engine: initialized successfully - sym options: 0x614 - pdb path: .;C:\Program Files\Java\jdk-17\bin;C:\WINDOWS\SYSTEM32;C:\WINDOWS\WinSxS\amd64_microsoft.windows.common-controls_6595b64144ccf1df_6.0.26100.3323_none_3e088096e3344490;C:\Program Files\Java\jdk-17\bin\server

VM Arguments:
jvm_args: -XX:TieredStopAtLevel=1 
java_command: com.microservices.smmsb_inventory_service.SmmsbInventoryServiceApplication
java_class_path (initial): D:\Kerja\Padepokan79\Microservices\Sistem Microservices Manajemen Stok Bengkel\smmsb_inventory_service\target\classes;C:\Users\irawan\.m2\repository\org\apache\logging\log4j\log4j-to-slf4j\2.24.3\log4j-to-slf4j-2.24.3.jar;C:\Users\irawan\.m2\repository\org\apache\logging\log4j\log4j-api\2.24.3\log4j-api-2.24.3.jar;C:\Users\irawan\.m2\repository\org\slf4j\jul-to-slf4j\2.0.16\jul-to-slf4j-2.0.16.jar;C:\Users\irawan\.m2\repository\jakarta\annotation\jakarta.annotation-api\2.1.1\jakarta.annotation-api-2.1.1.jar;C:\Users\irawan\.m2\repository\org\yaml\snakeyaml\2.3\snakeyaml-2.3.jar;C:\Users\irawan\.m2\repository\com\zaxxer\HikariCP\5.1.0\HikariCP-5.1.0.jar;C:\Users\irawan\.m2\repository\org\springframework\spring-jdbc\6.2.3\spring-jdbc-6.2.3.jar;C:\Users\irawan\.m2\repository\org\hibernate\orm\hibernate-core\6.6.8.Final\hibernate-core-6.6.8.Final.jar;C:\Users\irawan\.m2\repository\jakarta\persistence\jakarta.persistence-api\3.1.0\jakarta.persistence-api-3.1.0.jar;C:\Users\irawan\.m2\repository\jakarta\transaction\jakarta.transaction-api\2.0.1\jakarta.transaction-api-2.0.1.jar;C:\Users\irawan\.m2\repository\org\jboss\logging\jboss-logging\3.6.1.Final\jboss-logging-3.6.1.Final.jar;C:\Users\irawan\.m2\repository\org\hibernate\common\hibernate-commons-annotations\7.0.3.Final\hibernate-commons-annotations-7.0.3.Final.jar;C:\Users\irawan\.m2\repository\io\smallrye\jandex\3.2.0\jandex-3.2.0.jar;C:\Users\irawan\.m2\repository\com\fasterxml\classmate\1.7.0\classmate-1.7.0.jar;C:\Users\irawan\.m2\repository\net\bytebuddy\byte-buddy\1.15.11\byte-buddy-1.15.11.jar;C:\Users\irawan\.m2\repository\org\glassfish\jaxb\jaxb-runtime\4.0.5\jaxb-runtime-4.0.5.jar;C:\Users\irawan\.m2\repository\org\glassfish\jaxb\jaxb-core\4.0.5\jaxb-core-4.0.5.jar;C:\Users\irawan\.m2\repository\org\eclipse\angus\angus-activation\2.0.2\angus-activation-2.0.2.jar;C:\Users\irawan\.m2\repository\org\glassfish\jaxb\txw2\4.0.5\txw2-4.0.5.jar;C:\Users\irawan\.m2\repository\com\sun\ista
Launcher Type: SUN_STANDARD

[Global flags]
     intx CICompilerCount                          = 3                                         {product} {ergonomic}
     uint ConcGCThreads                            = 1                                         {product} {ergonomic}
     uint G1ConcRefinementThreads                  = 4                                         {product} {ergonomic}
   size_t G1HeapRegionSize                         = 2097152                                   {product} {ergonomic}
    uintx GCDrainStackTargetSize                   = 64                                        {product} {ergonomic}
   size_t InitialHeapSize                          = 182452224                                 {product} {ergonomic}
   size_t MarkStackSize                            = 4194304                                   {product} {ergonomic}
   size_t MaxHeapSize                              = 2917138432                                {product} {ergonomic}
   size_t MaxNewSize                               = 1749024768                                {product} {ergonomic}
   size_t MinHeapDeltaBytes                        = 2097152                                   {product} {ergonomic}
   size_t MinHeapSize                              = 8388608                                   {product} {ergonomic}
    uintx NonProfiledCodeHeapSize                  = 0                                      {pd product} {ergonomic}
     bool ProfileInterpreter                       = false                                  {pd product} {command line}
    uintx ProfiledCodeHeapSize                     = 0                                      {pd product} {ergonomic}
   size_t SoftMaxHeapSize                          = 2917138432                             {manageable} {ergonomic}
     intx TieredStopAtLevel                        = 1                                         {product} {command line}
     bool UseCompressedClassPointers               = true                           {product lp64_product} {ergonomic}
     bool UseCompressedOops                        = true                           {product lp64_product} {ergonomic}
     bool UseG1GC                                  = true                                      {product} {ergonomic}
     bool UseLargePagesIndividualAllocation        = false                                  {pd product} {ergonomic}

Logging:
Log output configuration:
 #0: stdout all=warning uptime,level,tags
 #1: stderr all=off uptime,level,tags

Environment Variables:
JAVA_HOME=C:\Program Files\Java\jdk-17
PATH=C:\Program Files\Ruby33-x64\bin;C:\Program Files\Common Files\Oracle\Java\javapath;C:\Program Files (x86)\NVIDIA Corporation\PhysX\Common;C:\Program Files (x86)\Common Files\Intel\Shared Files\cpp\bin\Intel64;C:\Users\irawan\AppData\Local\Programs\Python\Python310\Scripts\;C:\Users\irawan\AppData\Local\Programs\Python\Python310\;C:\Program Files (x86)\Common Files\Oracle\Java\javapath;C:\Program Files\ImageMagick-7.1.0-Q16-HDRI;C:\21c\db\bin;C:\WINDOWS\system32;C:\WINDOWS;C:\WINDOWS\System32\Wbem;C:\WINDOWS\System32\WindowsPowerShell\v1.0\;C:\WINDOWS\System32\OpenSSH\;C:\composer;C:\Program Files\dotnet\;C:\flutterproject\sdkfluter\flutter\bin;C:\ProgramData\chocolatey\bin;C:\xampp7.4.32\php;C:\Users\irawan\AppData\Roaming\nvm;C:\Program Files\nodejs;C:\Program Files\Git\cmd;C:\MinGW\bin;C:\Program Files\PuTTY\;C:\Program Files\Java\jdk-17\bin;C:\Bootcamp\;C:\apache-maven-3.9.4\bin;C:\Program Files\Git\bin;C:\Program Files\Microsoft SQL Server\150\Tools\Binn\;C:\Program Files\Microsoft SQL Server\Client SDK\ODBC\170\Tools\Binn\;C:\Program Files\RabbitMQ Server;C:\Program Files (x86)\Microsoft SQL Server\160\Tools\Binn\;C:\Program Files\Microsoft SQL Server\160\Tools\Binn\;C:\Program Files\Microsoft SQL Server\160\DTS\Binn\;C:\Program Files (x86)\Microsoft SQL Server\160\DTS\Binn\;C:\Program Files\Go\bin;C:\Program Files\Docker\Docker\resources\bin;C:\Program Files\nodejs\;C:\Program Files\Java\jdk-17\bin;C:\Program Files\Ruby33-x64\bin;C:\Program Files\Common Files\Oracle\Java\javapath;C:\Program Files (x86)\NVIDIA Corporation\PhysX\Common;C:\Program Files (x86)\Common Files\Intel\Shared Files\cpp\bin\Intel64;C:\Users\irawan\AppData\Local\Programs\Python\Python310\Scripts\;C:\Users\irawan\AppData\Local\Programs\Python\Python310\;C:\Program Files (x86)\Common Files\Oracle\Java\javapath;C:\Program Files\ImageMagick-7.1.0-Q16-HDRI;C:\21c\db\bin;C:\WINDOWS\system32;C:\WINDOWS;C:\WINDOWS\System32\Wbem;C:\WINDOWS\System32\WindowsPowerShell\v1.0\;C:\WINDOWS\System32\Open
USERNAME=irawan
OS=Windows_NT
PROCESSOR_IDENTIFIER=AMD64 Family 23 Model 96 Stepping 1, AuthenticAMD



---------------  S Y S T E M  ---------------

OS:
 Windows 11 , 64 bit Build 26100 (10.0.26100.3323)
OS uptime: 10 days 20:35 hours
Hyper-V role detected

CPU: total 4 (initial active 4) (4 cores per cpu, 1 threads per core) family 23 model 96 stepping 1 microcode 0x8600106, cx8, cmov, fxsr, mmx, 3dnowpref, sse, sse2, sse3, ssse3, sse4a, sse4.1, sse4.2, popcnt, lzcnt, tsc, tscinvbit, avx, avx2, aes, clmul, bmi1, bmi2, adx, sha, fma, vzeroupper, clflush, clflushopt, hv

Memory: 4k page, system-wide physical 11127M (1662M free)
TotalPageFile size 45943M (AvailPageFile size 2M)
current process WorkingSet (physical memory assigned to process): 310M, peak: 311M
current process commit charge ("private bytes"): 348M, peak: 350M

vm_info: Java HotSpot(TM) 64-Bit Server VM (17.0.12+8-LTS-286) for windows-amd64 JRE (17.0.12+8-LTS-286), built on Jun  5 2024 06:46:59 by "mach5one" with MS VC++ 17.6 (VS2022)

END.
